Simulation at 2023-03-05
Universe size 200 x 200

Iteration: 1
Block:     4    Percent: 28.57142857142857
Beehive:   1    Percent: 7.142857142857142
Loaf:      1    Percent: 7.142857142857142
Boat:      1    Percent: 7.142857142857142
Tub:       1    Percent: 7.142857142857142
Blinker:   2    Percent: 14.285714285714285
Toad:      1    Percent: 7.142857142857142
Beacon:    1    Percent: 7.142857142857142
Glider:    1    Percent: 7.142857142857142
Spaceship: 1    Percent: 7.142857142857142
Total:     14

Iteration: 2
Block:     4    Percent: 28.57142857142857
Beehive:   1    Percent: 7.142857142857142
Loaf:      1    Percent: 7.142857142857142
Boat:      1    Percent: 7.142857142857142
Tub:       1    Percent: 7.142857142857142
Blinker:   2    Percent: 14.285714285714285
Toad:      1    Percent: 7.142857142857142
Beacon:    1    Percent: 7.142857142857142
Glider:    1    Percent: 7.142857142857142
Spaceship: 1    Percent: 7.142857142857142
Total:     14

Iteration: 3
Block:     4    Percent: 28.57142857142857
Beehive:   1    Percent: 7.142857142857142
Loaf:      1    Percent: 7.142857142857142
Boat:      1    Percent: 7.142857142857142
Tub:       1    Percent: 7.142857142857142
Blinker:   2    Percent: 14.285714285714285
Toad:      1    Percent: 7.142857142857142
Beacon:    1    Percent: 7.142857142857142
Glider:    1    Percent: 7.142857142857142
Spaceship: 1    Percent: 7.142857142857142
Total:     14

Iteration: 4
Block:     4    Percent: 28.57142857142857
Beehive:   1    Percent: 7.142857142857142
Loaf:      1    Percent: 7.142857142857142
Boat:      1    Percent: 7.142857142857142
Tub:       1    Percent: 7.142857142857142
Blinker:   2    Percent: 14.285714285714285
Toad:      1    Percent: 7.142857142857142
Beacon:    1    Percent: 7.142857142857142
Glider:    1    Percent: 7.142857142857142
Spaceship: 1    Percent: 7.142857142857142
Total:     14

Iteration: 5
Block:     4    Percent: 28.57142857142857
Beehive:   1    Percent: 7.142857142857142
Loaf:      1    Percent: 7.142857142857142
Boat:      1    Percent: 7.142857142857142
Tub:       1    Percent: 7.142857142857142
Blinker:   2    Percent: 14.285714285714285
Toad:      1    Percent: 7.142857142857142
Beacon:    1    Percent: 7.142857142857142
Glider:    1    Percent: 7.142857142857142
Spaceship: 1    Percent: 7.142857142857142
Total:     14

Iteration: 6
Block:     4    Percent: 28.57142857142857
Beehive:   1    Percent: 7.142857142857142
Loaf:      1    Percent: 7.142857142857142
Boat:      1    Percent: 7.142857142857142
Tub:       1    Percent: 7.142857142857142
Blinker:   2    Percent: 14.285714285714285
Toad:      1    Percent: 7.142857142857142
Beacon:    1    Percent: 7.142857142857142
Glider:    1    Percent: 7.142857142857142
Spaceship: 1    Percent: 7.142857142857142
Total:     14

Iteration: 7
Block:     4    Percent: 28.57142857142857
Beehive:   1    Percent: 7.142857142857142
Loaf:      1    Percent: 7.142857142857142
Boat:      1    Percent: 7.142857142857142
Tub:       1    Percent: 7.142857142857142
Blinker:   2    Percent: 14.285714285714285
Toad:      1    Percent: 7.142857142857142
Beacon:    1    Percent: 7.142857142857142
Glider:    1    Percent: 7.142857142857142
Spaceship: 1    Percent: 7.142857142857142
Total:     14

Iteration: 8
Block:     4    Percent: 28.57142857142857
Beehive:   1    Percent: 7.142857142857142
Loaf:      1    Percent: 7.142857142857142
Boat:      1    Percent: 7.142857142857142
Tub:       1    Percent: 7.142857142857142
Blinker:   2    Percent: 14.285714285714285
Toad:      1    Percent: 7.142857142857142
Beacon:    1    Percent: 7.142857142857142
Glider:    1    Percent: 7.142857142857142
Spaceship: 1    Percent: 7.142857142857142
Total:     14

Iteration: 9
Block:     4    Percent: 28.57142857142857
Beehive:   1    Percent: 7.142857142857142
Loaf:      1    Percent: 7.142857142857142
Boat:      1    Percent: 7.142857142857142
Tub:       1    Percent: 7.142857142857142
Blinker:   2    Percent: 14.285714285714285
Toad:      1    Percent: 7.142857142857142
Beacon:    1    Percent: 7.142857142857142
Glider:    1    Percent: 7.142857142857142
Spaceship: 1    Percent: 7.142857142857142
Total:     14

Iteration: 10
Block:     4    Percent: 26.666666666666668
Beehive:   1    Percent: 6.666666666666667
Loaf:      1    Percent: 6.666666666666667
Boat:      1    Percent: 6.666666666666667
Tub:       1    Percent: 6.666666666666667
Blinker:   3    Percent: 20.0
Toad:      1    Percent: 6.666666666666667
Beacon:    1    Percent: 6.666666666666667
Glider:    1    Percent: 6.666666666666667
Spaceship: 1    Percent: 6.666666666666667
Total:     15

Iteration: 11
Block:     4    Percent: 28.57142857142857
Beehive:   1    Percent: 7.142857142857142
Loaf:      1    Percent: 7.142857142857142
Boat:      1    Percent: 7.142857142857142
Tub:       1    Percent: 7.142857142857142
Blinker:   2    Percent: 14.285714285714285
Toad:      1    Percent: 7.142857142857142
Beacon:    1    Percent: 7.142857142857142
Glider:    1    Percent: 7.142857142857142
Spaceship: 1    Percent: 7.142857142857142
Total:     14

Iteration: 12
Block:     4    Percent: 28.57142857142857
Beehive:   1    Percent: 7.142857142857142
Loaf:      1    Percent: 7.142857142857142
Boat:      1    Percent: 7.142857142857142
Tub:       1    Percent: 7.142857142857142
Blinker:   2    Percent: 14.285714285714285
Toad:      1    Percent: 7.142857142857142
Beacon:    1    Percent: 7.142857142857142
Glider:    1    Percent: 7.142857142857142
Spaceship: 1    Percent: 7.142857142857142
Total:     14

Iteration: 13
Block:     4    Percent: 28.57142857142857
Beehive:   1    Percent: 7.142857142857142
Loaf:      1    Percent: 7.142857142857142
Boat:      1    Percent: 7.142857142857142
Tub:       1    Percent: 7.142857142857142
Blinker:   2    Percent: 14.285714285714285
Toad:      1    Percent: 7.142857142857142
Beacon:    1    Percent: 7.142857142857142
Glider:    1    Percent: 7.142857142857142
Spaceship: 1    Percent: 7.142857142857142
Total:     14

Iteration: 14
Block:     4    Percent: 28.57142857142857
Beehive:   1    Percent: 7.142857142857142
Loaf:      1    Percent: 7.142857142857142
Boat:      1    Percent: 7.142857142857142
Tub:       1    Percent: 7.142857142857142
Blinker:   2    Percent: 14.285714285714285
Toad:      1    Percent: 7.142857142857142
Beacon:    1    Percent: 7.142857142857142
Glider:    1    Percent: 7.142857142857142
Spaceship: 1    Percent: 7.142857142857142
Total:     14

Iteration: 15
Block:     4    Percent: 28.57142857142857
Beehive:   1    Percent: 7.142857142857142
Loaf:      1    Percent: 7.142857142857142
Boat:      1    Percent: 7.142857142857142
Tub:       1    Percent: 7.142857142857142
Blinker:   2    Percent: 14.285714285714285
Toad:      1    Percent: 7.142857142857142
Beacon:    1    Percent: 7.142857142857142
Glider:    1    Percent: 7.142857142857142
Spaceship: 1    Percent: 7.142857142857142
Total:     14

Iteration: 16
Block:     4    Percent: 28.57142857142857
Beehive:   1    Percent: 7.142857142857142
Loaf:      1    Percent: 7.142857142857142
Boat:      1    Percent: 7.142857142857142
Tub:       1    Percent: 7.142857142857142
Blinker:   2    Percent: 14.285714285714285
Toad:      1    Percent: 7.142857142857142
Beacon:    1    Percent: 7.142857142857142
Glider:    1    Percent: 7.142857142857142
Spaceship: 1    Percent: 7.142857142857142
Total:     14

Iteration: 17
Block:     4    Percent: 28.57142857142857
Beehive:   1    Percent: 7.142857142857142
Loaf:      1    Percent: 7.142857142857142
Boat:      1    Percent: 7.142857142857142
Tub:       1    Percent: 7.142857142857142
Blinker:   2    Percent: 14.285714285714285
Toad:      1    Percent: 7.142857142857142
Beacon:    1    Percent: 7.142857142857142
Glider:    1    Percent: 7.142857142857142
Spaceship: 1    Percent: 7.142857142857142
Total:     14

Iteration: 18
Block:     4    Percent: 28.57142857142857
Beehive:   1    Percent: 7.142857142857142
Loaf:      1    Percent: 7.142857142857142
Boat:      1    Percent: 7.142857142857142
Tub:       1    Percent: 7.142857142857142
Blinker:   2    Percent: 14.285714285714285
Toad:      1    Percent: 7.142857142857142
Beacon:    1    Percent: 7.142857142857142
Glider:    1    Percent: 7.142857142857142
Spaceship: 1    Percent: 7.142857142857142
Total:     14

Iteration: 19
Block:     4    Percent: 28.57142857142857
Beehive:   1    Percent: 7.142857142857142
Loaf:      1    Percent: 7.142857142857142
Boat:      1    Percent: 7.142857142857142
Tub:       1    Percent: 7.142857142857142
Blinker:   2    Percent: 14.285714285714285
Toad:      1    Percent: 7.142857142857142
Beacon:    1    Percent: 7.142857142857142
Glider:    1    Percent: 7.142857142857142
Spaceship: 1    Percent: 7.142857142857142
Total:     14

Iteration: 20
Block:     4    Percent: 28.57142857142857
Beehive:   1    Percent: 7.142857142857142
Loaf:      1    Percent: 7.142857142857142
Boat:      1    Percent: 7.142857142857142
Tub:       1    Percent: 7.142857142857142
Blinker:   2    Percent: 14.285714285714285
Toad:      1    Percent: 7.142857142857142
Beacon:    1    Percent: 7.142857142857142
Glider:    1    Percent: 7.142857142857142
Spaceship: 1    Percent: 7.142857142857142
Total:     14

Iteration: 21
Block:     4    Percent: 28.57142857142857
Beehive:   1    Percent: 7.142857142857142
Loaf:      1    Percent: 7.142857142857142
Boat:      1    Percent: 7.142857142857142
Tub:       1    Percent: 7.142857142857142
Blinker:   2    Percent: 14.285714285714285
Toad:      1    Percent: 7.142857142857142
Beacon:    1    Percent: 7.142857142857142
Glider:    1    Percent: 7.142857142857142
Spaceship: 1    Percent: 7.142857142857142
Total:     14

Iteration: 22
Block:     4    Percent: 28.57142857142857
Beehive:   1    Percent: 7.142857142857142
Loaf:      1    Percent: 7.142857142857142
Boat:      1    Percent: 7.142857142857142
Tub:       1    Percent: 7.142857142857142
Blinker:   2    Percent: 14.285714285714285
Toad:      1    Percent: 7.142857142857142
Beacon:    1    Percent: 7.142857142857142
Glider:    1    Percent: 7.142857142857142
Spaceship: 1    Percent: 7.142857142857142
Total:     14

Iteration: 23
Block:     4    Percent: 26.666666666666668
Beehive:   1    Percent: 6.666666666666667
Loaf:      1    Percent: 6.666666666666667
Boat:      1    Percent: 6.666666666666667
Tub:       1    Percent: 6.666666666666667
Blinker:   3    Percent: 20.0
Toad:      1    Percent: 6.666666666666667
Beacon:    1    Percent: 6.666666666666667
Glider:    1    Percent: 6.666666666666667
Spaceship: 1    Percent: 6.666666666666667
Total:     15

Iteration: 24
Block:     4    Percent: 26.666666666666668
Beehive:   1    Percent: 6.666666666666667
Loaf:      1    Percent: 6.666666666666667
Boat:      1    Percent: 6.666666666666667
Tub:       1    Percent: 6.666666666666667
Blinker:   3    Percent: 20.0
Toad:      1    Percent: 6.666666666666667
Beacon:    1    Percent: 6.666666666666667
Glider:    1    Percent: 6.666666666666667
Spaceship: 1    Percent: 6.666666666666667
Total:     15

Iteration: 25
Block:     4    Percent: 28.57142857142857
Beehive:   1    Percent: 7.142857142857142
Loaf:      1    Percent: 7.142857142857142
Boat:      1    Percent: 7.142857142857142
Tub:       1    Percent: 7.142857142857142
Blinker:   2    Percent: 14.285714285714285
Toad:      1    Percent: 7.142857142857142
Beacon:    1    Percent: 7.142857142857142
Glider:    1    Percent: 7.142857142857142
Spaceship: 1    Percent: 7.142857142857142
Total:     14

Iteration: 26
Block:     4    Percent: 28.57142857142857
Beehive:   1    Percent: 7.142857142857142
Loaf:      1    Percent: 7.142857142857142
Boat:      1    Percent: 7.142857142857142
Tub:       1    Percent: 7.142857142857142
Blinker:   2    Percent: 14.285714285714285
Toad:      1    Percent: 7.142857142857142
Beacon:    1    Percent: 7.142857142857142
Glider:    1    Percent: 7.142857142857142
Spaceship: 1    Percent: 7.142857142857142
Total:     14

Iteration: 27
Block:     4    Percent: 28.57142857142857
Beehive:   1    Percent: 7.142857142857142
Loaf:      1    Percent: 7.142857142857142
Boat:      1    Percent: 7.142857142857142
Tub:       1    Percent: 7.142857142857142
Blinker:   2    Percent: 14.285714285714285
Toad:      1    Percent: 7.142857142857142
Beacon:    1    Percent: 7.142857142857142
Glider:    1    Percent: 7.142857142857142
Spaceship: 1    Percent: 7.142857142857142
Total:     14

Iteration: 28
Block:     4    Percent: 28.57142857142857
Beehive:   1    Percent: 7.142857142857142
Loaf:      1    Percent: 7.142857142857142
Boat:      1    Percent: 7.142857142857142
Tub:       1    Percent: 7.142857142857142
Blinker:   2    Percent: 14.285714285714285
Toad:      1    Percent: 7.142857142857142
Beacon:    1    Percent: 7.142857142857142
Glider:    1    Percent: 7.142857142857142
Spaceship: 1    Percent: 7.142857142857142
Total:     14

Iteration: 29
Block:     4    Percent: 28.57142857142857
Beehive:   1    Percent: 7.142857142857142
Loaf:      1    Percent: 7.142857142857142
Boat:      1    Percent: 7.142857142857142
Tub:       1    Percent: 7.142857142857142
Blinker:   2    Percent: 14.285714285714285
Toad:      1    Percent: 7.142857142857142
Beacon:    1    Percent: 7.142857142857142
Glider:    1    Percent: 7.142857142857142
Spaceship: 1    Percent: 7.142857142857142
Total:     14

Iteration: 30
Block:     4    Percent: 28.57142857142857
Beehive:   1    Percent: 7.142857142857142
Loaf:      1    Percent: 7.142857142857142
Boat:      1    Percent: 7.142857142857142
Tub:       1    Percent: 7.142857142857142
Blinker:   2    Percent: 14.285714285714285
Toad:      1    Percent: 7.142857142857142
Beacon:    1    Percent: 7.142857142857142
Glider:    1    Percent: 7.142857142857142
Spaceship: 1    Percent: 7.142857142857142
Total:     14

Iteration: 31
Block:     4    Percent: 28.57142857142857
Beehive:   1    Percent: 7.142857142857142
Loaf:      1    Percent: 7.142857142857142
Boat:      1    Percent: 7.142857142857142
Tub:       1    Percent: 7.142857142857142
Blinker:   2    Percent: 14.285714285714285
Toad:      1    Percent: 7.142857142857142
Beacon:    1    Percent: 7.142857142857142
Glider:    1    Percent: 7.142857142857142
Spaceship: 1    Percent: 7.142857142857142
Total:     14

Iteration: 32
Block:     4    Percent: 28.57142857142857
Beehive:   1    Percent: 7.142857142857142
Loaf:      1    Percent: 7.142857142857142
Boat:      1    Percent: 7.142857142857142
Tub:       1    Percent: 7.142857142857142
Blinker:   2    Percent: 14.285714285714285
Toad:      1    Percent: 7.142857142857142
Beacon:    1    Percent: 7.142857142857142
Glider:    1    Percent: 7.142857142857142
Spaceship: 1    Percent: 7.142857142857142
Total:     14

Iteration: 33
Block:     4    Percent: 28.57142857142857
Beehive:   1    Percent: 7.142857142857142
Loaf:      1    Percent: 7.142857142857142
Boat:      1    Percent: 7.142857142857142
Tub:       1    Percent: 7.142857142857142
Blinker:   2    Percent: 14.285714285714285
Toad:      1    Percent: 7.142857142857142
Beacon:    1    Percent: 7.142857142857142
Glider:    1    Percent: 7.142857142857142
Spaceship: 1    Percent: 7.142857142857142
Total:     14

Iteration: 34
Block:     4    Percent: 28.57142857142857
Beehive:   1    Percent: 7.142857142857142
Loaf:      1    Percent: 7.142857142857142
Boat:      1    Percent: 7.142857142857142
Tub:       1    Percent: 7.142857142857142
Blinker:   2    Percent: 14.285714285714285
Toad:      1    Percent: 7.142857142857142
Beacon:    1    Percent: 7.142857142857142
Glider:    1    Percent: 7.142857142857142
Spaceship: 1    Percent: 7.142857142857142
Total:     14

Iteration: 35
Block:     4    Percent: 28.57142857142857
Beehive:   1    Percent: 7.142857142857142
Loaf:      1    Percent: 7.142857142857142
Boat:      1    Percent: 7.142857142857142
Tub:       1    Percent: 7.142857142857142
Blinker:   2    Percent: 14.285714285714285
Toad:      1    Percent: 7.142857142857142
Beacon:    1    Percent: 7.142857142857142
Glider:    1    Percent: 7.142857142857142
Spaceship: 1    Percent: 7.142857142857142
Total:     14

Iteration: 36
Block:     4    Percent: 26.666666666666668
Beehive:   1    Percent: 6.666666666666667
Loaf:      1    Percent: 6.666666666666667
Boat:      1    Percent: 6.666666666666667
Tub:       1    Percent: 6.666666666666667
Blinker:   3    Percent: 20.0
Toad:      1    Percent: 6.666666666666667
Beacon:    1    Percent: 6.666666666666667
Glider:    1    Percent: 6.666666666666667
Spaceship: 1    Percent: 6.666666666666667
Total:     15

Iteration: 37
Block:     4    Percent: 28.57142857142857
Beehive:   1    Percent: 7.142857142857142
Loaf:      1    Percent: 7.142857142857142
Boat:      1    Percent: 7.142857142857142
Tub:       1    Percent: 7.142857142857142
Blinker:   2    Percent: 14.285714285714285
Toad:      1    Percent: 7.142857142857142
Beacon:    1    Percent: 7.142857142857142
Glider:    1    Percent: 7.142857142857142
Spaceship: 1    Percent: 7.142857142857142
Total:     14

Iteration: 38
Block:     5    Percent: 31.25
Beehive:   1    Percent: 6.25
Loaf:      1    Percent: 6.25
Boat:      1    Percent: 6.25
Tub:       1    Percent: 6.25
Blinker:   3    Percent: 18.75
Toad:      1    Percent: 6.25
Beacon:    1    Percent: 6.25
Glider:    1    Percent: 6.25
Spaceship: 1    Percent: 6.25
Total:     16

Iteration: 39
Block:     4    Percent: 28.57142857142857
Beehive:   1    Percent: 7.142857142857142
Loaf:      1    Percent: 7.142857142857142
Boat:      1    Percent: 7.142857142857142
Tub:       1    Percent: 7.142857142857142
Blinker:   2    Percent: 14.285714285714285
Toad:      1    Percent: 7.142857142857142
Beacon:    1    Percent: 7.142857142857142
Glider:    1    Percent: 7.142857142857142
Spaceship: 1    Percent: 7.142857142857142
Total:     14

Iteration: 40
Block:     4    Percent: 28.57142857142857
Beehive:   1    Percent: 7.142857142857142
Loaf:      1    Percent: 7.142857142857142
Boat:      1    Percent: 7.142857142857142
Tub:       1    Percent: 7.142857142857142
Blinker:   2    Percent: 14.285714285714285
Toad:      1    Percent: 7.142857142857142
Beacon:    1    Percent: 7.142857142857142
Glider:    1    Percent: 7.142857142857142
Spaceship: 1    Percent: 7.142857142857142
Total:     14

Iteration: 41
Block:     4    Percent: 28.57142857142857
Beehive:   1    Percent: 7.142857142857142
Loaf:      1    Percent: 7.142857142857142
Boat:      1    Percent: 7.142857142857142
Tub:       1    Percent: 7.142857142857142
Blinker:   2    Percent: 14.285714285714285
Toad:      1    Percent: 7.142857142857142
Beacon:    1    Percent: 7.142857142857142
Glider:    1    Percent: 7.142857142857142
Spaceship: 1    Percent: 7.142857142857142
Total:     14

Iteration: 42
Block:     4    Percent: 28.57142857142857
Beehive:   1    Percent: 7.142857142857142
Loaf:      1    Percent: 7.142857142857142
Boat:      1    Percent: 7.142857142857142
Tub:       1    Percent: 7.142857142857142
Blinker:   2    Percent: 14.285714285714285
Toad:      1    Percent: 7.142857142857142
Beacon:    1    Percent: 7.142857142857142
Glider:    1    Percent: 7.142857142857142
Spaceship: 1    Percent: 7.142857142857142
Total:     14

Iteration: 43
Block:     4    Percent: 28.57142857142857
Beehive:   1    Percent: 7.142857142857142
Loaf:      1    Percent: 7.142857142857142
Boat:      1    Percent: 7.142857142857142
Tub:       1    Percent: 7.142857142857142
Blinker:   2    Percent: 14.285714285714285
Toad:      1    Percent: 7.142857142857142
Beacon:    1    Percent: 7.142857142857142
Glider:    1    Percent: 7.142857142857142
Spaceship: 1    Percent: 7.142857142857142
Total:     14

Iteration: 44
Block:     5    Percent: 31.25
Beehive:   1    Percent: 6.25
Loaf:      1    Percent: 6.25
Boat:      1    Percent: 6.25
Tub:       1    Percent: 6.25
Blinker:   3    Percent: 18.75
Toad:      1    Percent: 6.25
Beacon:    1    Percent: 6.25
Glider:    1    Percent: 6.25
Spaceship: 1    Percent: 6.25
Total:     16

Iteration: 45
Block:     5    Percent: 33.33333333333333
Beehive:   1    Percent: 6.666666666666667
Loaf:      1    Percent: 6.666666666666667
Boat:      1    Percent: 6.666666666666667
Tub:       1    Percent: 6.666666666666667
Blinker:   2    Percent: 13.333333333333334
Toad:      1    Percent: 6.666666666666667
Beacon:    1    Percent: 6.666666666666667
Glider:    1    Percent: 6.666666666666667
Spaceship: 1    Percent: 6.666666666666667
Total:     15

Iteration: 46
Block:     5    Percent: 33.33333333333333
Beehive:   1    Percent: 6.666666666666667
Loaf:      1    Percent: 6.666666666666667
Boat:      1    Percent: 6.666666666666667
Tub:       1    Percent: 6.666666666666667
Blinker:   2    Percent: 13.333333333333334
Toad:      1    Percent: 6.666666666666667
Beacon:    1    Percent: 6.666666666666667
Glider:    1    Percent: 6.666666666666667
Spaceship: 1    Percent: 6.666666666666667
Total:     15

Iteration: 47
Block:     5    Percent: 31.25
Beehive:   1    Percent: 6.25
Loaf:      1    Percent: 6.25
Boat:      1    Percent: 6.25
Tub:       1    Percent: 6.25
Blinker:   3    Percent: 18.75
Toad:      1    Percent: 6.25
Beacon:    1    Percent: 6.25
Glider:    1    Percent: 6.25
Spaceship: 1    Percent: 6.25
Total:     16

Iteration: 48
Block:     5    Percent: 33.33333333333333
Beehive:   1    Percent: 6.666666666666667
Loaf:      1    Percent: 6.666666666666667
Boat:      1    Percent: 6.666666666666667
Tub:       1    Percent: 6.666666666666667
Blinker:   2    Percent: 13.333333333333334
Toad:      1    Percent: 6.666666666666667
Beacon:    1    Percent: 6.666666666666667
Glider:    1    Percent: 6.666666666666667
Spaceship: 1    Percent: 6.666666666666667
Total:     15

Iteration: 49
Block:     5    Percent: 33.33333333333333
Beehive:   1    Percent: 6.666666666666667
Loaf:      1    Percent: 6.666666666666667
Boat:      1    Percent: 6.666666666666667
Tub:       1    Percent: 6.666666666666667
Blinker:   2    Percent: 13.333333333333334
Toad:      1    Percent: 6.666666666666667
Beacon:    1    Percent: 6.666666666666667
Glider:    1    Percent: 6.666666666666667
Spaceship: 1    Percent: 6.666666666666667
Total:     15

Iteration: 50
Block:     5    Percent: 33.33333333333333
Beehive:   1    Percent: 6.666666666666667
Loaf:      1    Percent: 6.666666666666667
Boat:      1    Percent: 6.666666666666667
Tub:       1    Percent: 6.666666666666667
Blinker:   2    Percent: 13.333333333333334
Toad:      1    Percent: 6.666666666666667
Beacon:    1    Percent: 6.666666666666667
Glider:    1    Percent: 6.666666666666667
Spaceship: 1    Percent: 6.666666666666667
Total:     15

Iteration: 51
Block:     5    Percent: 29.411764705882355
Beehive:   1    Percent: 5.88235294117647
Loaf:      1    Percent: 5.88235294117647
Boat:      1    Percent: 5.88235294117647
Tub:       1    Percent: 5.88235294117647
Blinker:   4    Percent: 23.52941176470588
Toad:      1    Percent: 5.88235294117647
Beacon:    1    Percent: 5.88235294117647
Glider:    1    Percent: 5.88235294117647
Spaceship: 1    Percent: 5.88235294117647
Total:     17

Iteration: 52
Block:     5    Percent: 26.31578947368421
Beehive:   1    Percent: 5.263157894736842
Loaf:      1    Percent: 5.263157894736842
Boat:      1    Percent: 5.263157894736842
Tub:       2    Percent: 10.526315789473683
Blinker:   5    Percent: 26.31578947368421
Toad:      1    Percent: 5.263157894736842
Beacon:    1    Percent: 5.263157894736842
Glider:    1    Percent: 5.263157894736842
Spaceship: 1    Percent: 5.263157894736842
Total:     19

Iteration: 53
Block:     5    Percent: 27.77777777777778
Beehive:   1    Percent: 5.555555555555555
Loaf:      1    Percent: 5.555555555555555
Boat:      1    Percent: 5.555555555555555
Tub:       2    Percent: 11.11111111111111
Blinker:   4    Percent: 22.22222222222222
Toad:      1    Percent: 5.555555555555555
Beacon:    1    Percent: 5.555555555555555
Glider:    1    Percent: 5.555555555555555
Spaceship: 1    Percent: 5.555555555555555
Total:     18

Iteration: 54
Block:     5    Percent: 29.411764705882355
Beehive:   1    Percent: 5.88235294117647
Loaf:      1    Percent: 5.88235294117647
Boat:      1    Percent: 5.88235294117647
Tub:       1    Percent: 5.88235294117647
Blinker:   4    Percent: 23.52941176470588
Toad:      1    Percent: 5.88235294117647
Beacon:    1    Percent: 5.88235294117647
Glider:    1    Percent: 5.88235294117647
Spaceship: 1    Percent: 5.88235294117647
Total:     17

Iteration: 55
Block:     5    Percent: 29.411764705882355
Beehive:   1    Percent: 5.88235294117647
Loaf:      1    Percent: 5.88235294117647
Boat:      1    Percent: 5.88235294117647
Tub:       1    Percent: 5.88235294117647
Blinker:   4    Percent: 23.52941176470588
Toad:      1    Percent: 5.88235294117647
Beacon:    1    Percent: 5.88235294117647
Glider:    1    Percent: 5.88235294117647
Spaceship: 1    Percent: 5.88235294117647
Total:     17

Iteration: 56
Block:     5    Percent: 25.0
Beehive:   1    Percent: 5.0
Loaf:      1    Percent: 5.0
Boat:      1    Percent: 5.0
Tub:       1    Percent: 5.0
Blinker:   7    Percent: 35.0
Toad:      1    Percent: 5.0
Beacon:    1    Percent: 5.0
Glider:    1    Percent: 5.0
Spaceship: 1    Percent: 5.0
Total:     20

Iteration: 57
Block:     5    Percent: 29.411764705882355
Beehive:   1    Percent: 5.88235294117647
Loaf:      1    Percent: 5.88235294117647
Boat:      1    Percent: 5.88235294117647
Tub:       1    Percent: 5.88235294117647
Blinker:   4    Percent: 23.52941176470588
Toad:      1    Percent: 5.88235294117647
Beacon:    1    Percent: 5.88235294117647
Glider:    1    Percent: 5.88235294117647
Spaceship: 1    Percent: 5.88235294117647
Total:     17

Iteration: 58
Block:     5    Percent: 29.411764705882355
Beehive:   1    Percent: 5.88235294117647
Loaf:      1    Percent: 5.88235294117647
Boat:      1    Percent: 5.88235294117647
Tub:       1    Percent: 5.88235294117647
Blinker:   4    Percent: 23.52941176470588
Toad:      1    Percent: 5.88235294117647
Beacon:    1    Percent: 5.88235294117647
Glider:    1    Percent: 5.88235294117647
Spaceship: 1    Percent: 5.88235294117647
Total:     17

Iteration: 59
Block:     5    Percent: 26.31578947368421
Beehive:   1    Percent: 5.263157894736842
Loaf:      1    Percent: 5.263157894736842
Boat:      1    Percent: 5.263157894736842
Tub:       1    Percent: 5.263157894736842
Blinker:   6    Percent: 31.57894736842105
Toad:      1    Percent: 5.263157894736842
Beacon:    1    Percent: 5.263157894736842
Glider:    1    Percent: 5.263157894736842
Spaceship: 1    Percent: 5.263157894736842
Total:     19

Iteration: 60
Block:     6    Percent: 33.33333333333333
Beehive:   1    Percent: 5.555555555555555
Loaf:      1    Percent: 5.555555555555555
Boat:      1    Percent: 5.555555555555555
Tub:       1    Percent: 5.555555555555555
Blinker:   4    Percent: 22.22222222222222
Toad:      1    Percent: 5.555555555555555
Beacon:    1    Percent: 5.555555555555555
Glider:    1    Percent: 5.555555555555555
Spaceship: 1    Percent: 5.555555555555555
Total:     18

Iteration: 61
Block:     5    Percent: 29.411764705882355
Beehive:   1    Percent: 5.88235294117647
Loaf:      1    Percent: 5.88235294117647
Boat:      1    Percent: 5.88235294117647
Tub:       1    Percent: 5.88235294117647
Blinker:   4    Percent: 23.52941176470588
Toad:      1    Percent: 5.88235294117647
Beacon:    1    Percent: 5.88235294117647
Glider:    1    Percent: 5.88235294117647
Spaceship: 1    Percent: 5.88235294117647
Total:     17

Iteration: 62
Block:     5    Percent: 31.25
Beehive:   1    Percent: 6.25
Loaf:      1    Percent: 6.25
Boat:      1    Percent: 6.25
Tub:       1    Percent: 6.25
Blinker:   3    Percent: 18.75
Toad:      1    Percent: 6.25
Beacon:    1    Percent: 6.25
Glider:    1    Percent: 6.25
Spaceship: 1    Percent: 6.25
Total:     16

Iteration: 63
Block:     5    Percent: 31.25
Beehive:   1    Percent: 6.25
Loaf:      1    Percent: 6.25
Boat:      1    Percent: 6.25
Tub:       1    Percent: 6.25
Blinker:   3    Percent: 18.75
Toad:      1    Percent: 6.25
Beacon:    1    Percent: 6.25
Glider:    1    Percent: 6.25
Spaceship: 1    Percent: 6.25
Total:     16

Iteration: 64
Block:     5    Percent: 29.411764705882355
Beehive:   1    Percent: 5.88235294117647
Loaf:      1    Percent: 5.88235294117647
Boat:      1    Percent: 5.88235294117647
Tub:       1    Percent: 5.88235294117647
Blinker:   4    Percent: 23.52941176470588
Toad:      1    Percent: 5.88235294117647
Beacon:    1    Percent: 5.88235294117647
Glider:    1    Percent: 5.88235294117647
Spaceship: 1    Percent: 5.88235294117647
Total:     17

Iteration: 65
Block:     6    Percent: 35.294117647058826
Beehive:   1    Percent: 5.88235294117647
Loaf:      1    Percent: 5.88235294117647
Boat:      1    Percent: 5.88235294117647
Tub:       1    Percent: 5.88235294117647
Blinker:   3    Percent: 17.647058823529413
Toad:      1    Percent: 5.88235294117647
Beacon:    1    Percent: 5.88235294117647
Glider:    1    Percent: 5.88235294117647
Spaceship: 1    Percent: 5.88235294117647
Total:     17

Iteration: 66
Block:     5    Percent: 31.25
Beehive:   1    Percent: 6.25
Loaf:      1    Percent: 6.25
Boat:      1    Percent: 6.25
Tub:       1    Percent: 6.25
Blinker:   3    Percent: 18.75
Toad:      1    Percent: 6.25
Beacon:    1    Percent: 6.25
Glider:    1    Percent: 6.25
Spaceship: 1    Percent: 6.25
Total:     16

Iteration: 67
Block:     5    Percent: 31.25
Beehive:   1    Percent: 6.25
Loaf:      1    Percent: 6.25
Boat:      1    Percent: 6.25
Tub:       1    Percent: 6.25
Blinker:   3    Percent: 18.75
Toad:      1    Percent: 6.25
Beacon:    1    Percent: 6.25
Glider:    1    Percent: 6.25
Spaceship: 1    Percent: 6.25
Total:     16

Iteration: 68
Block:     5    Percent: 31.25
Beehive:   1    Percent: 6.25
Loaf:      1    Percent: 6.25
Boat:      1    Percent: 6.25
Tub:       1    Percent: 6.25
Blinker:   3    Percent: 18.75
Toad:      1    Percent: 6.25
Beacon:    1    Percent: 6.25
Glider:    1    Percent: 6.25
Spaceship: 1    Percent: 6.25
Total:     16

Iteration: 69
Block:     6    Percent: 35.294117647058826
Beehive:   1    Percent: 5.88235294117647
Loaf:      1    Percent: 5.88235294117647
Boat:      1    Percent: 5.88235294117647
Tub:       1    Percent: 5.88235294117647
Blinker:   3    Percent: 17.647058823529413
Toad:      1    Percent: 5.88235294117647
Beacon:    1    Percent: 5.88235294117647
Glider:    1    Percent: 5.88235294117647
Spaceship: 1    Percent: 5.88235294117647
Total:     17

Iteration: 70
Block:     7    Percent: 38.88888888888889
Beehive:   1    Percent: 5.555555555555555
Loaf:      1    Percent: 5.555555555555555
Boat:      1    Percent: 5.555555555555555
Tub:       1    Percent: 5.555555555555555
Blinker:   3    Percent: 16.666666666666664
Toad:      1    Percent: 5.555555555555555
Beacon:    1    Percent: 5.555555555555555
Glider:    1    Percent: 5.555555555555555
Spaceship: 1    Percent: 5.555555555555555
Total:     18

Iteration: 71
Block:     8    Percent: 40.0
Beehive:   1    Percent: 5.0
Loaf:      1    Percent: 5.0
Boat:      1    Percent: 5.0
Tub:       1    Percent: 5.0
Blinker:   4    Percent: 20.0
Toad:      1    Percent: 5.0
Beacon:    1    Percent: 5.0
Glider:    1    Percent: 5.0
Spaceship: 1    Percent: 5.0
Total:     20

Iteration: 72
Block:     7    Percent: 38.88888888888889
Beehive:   1    Percent: 5.555555555555555
Loaf:      1    Percent: 5.555555555555555
Boat:      1    Percent: 5.555555555555555
Tub:       1    Percent: 5.555555555555555
Blinker:   3    Percent: 16.666666666666664
Toad:      1    Percent: 5.555555555555555
Beacon:    1    Percent: 5.555555555555555
Glider:    1    Percent: 5.555555555555555
Spaceship: 1    Percent: 5.555555555555555
Total:     18

Iteration: 73
Block:     7    Percent: 38.88888888888889
Beehive:   1    Percent: 5.555555555555555
Loaf:      1    Percent: 5.555555555555555
Boat:      1    Percent: 5.555555555555555
Tub:       1    Percent: 5.555555555555555
Blinker:   3    Percent: 16.666666666666664
Toad:      1    Percent: 5.555555555555555
Beacon:    1    Percent: 5.555555555555555
Glider:    1    Percent: 5.555555555555555
Spaceship: 1    Percent: 5.555555555555555
Total:     18

Iteration: 74
Block:     7    Percent: 38.88888888888889
Beehive:   1    Percent: 5.555555555555555
Loaf:      1    Percent: 5.555555555555555
Boat:      1    Percent: 5.555555555555555
Tub:       1    Percent: 5.555555555555555
Blinker:   3    Percent: 16.666666666666664
Toad:      1    Percent: 5.555555555555555
Beacon:    1    Percent: 5.555555555555555
Glider:    1    Percent: 5.555555555555555
Spaceship: 1    Percent: 5.555555555555555
Total:     18

Iteration: 75
Block:     8    Percent: 40.0
Beehive:   1    Percent: 5.0
Loaf:      1    Percent: 5.0
Boat:      1    Percent: 5.0
Tub:       1    Percent: 5.0
Blinker:   4    Percent: 20.0
Toad:      1    Percent: 5.0
Beacon:    1    Percent: 5.0
Glider:    1    Percent: 5.0
Spaceship: 1    Percent: 5.0
Total:     20

Iteration: 76
Block:     7    Percent: 38.88888888888889
Beehive:   1    Percent: 5.555555555555555
Loaf:      1    Percent: 5.555555555555555
Boat:      1    Percent: 5.555555555555555
Tub:       1    Percent: 5.555555555555555
Blinker:   3    Percent: 16.666666666666664
Toad:      1    Percent: 5.555555555555555
Beacon:    1    Percent: 5.555555555555555
Glider:    1    Percent: 5.555555555555555
Spaceship: 1    Percent: 5.555555555555555
Total:     18

Iteration: 77
Block:     7    Percent: 36.84210526315789
Beehive:   1    Percent: 5.263157894736842
Loaf:      1    Percent: 5.263157894736842
Boat:      1    Percent: 5.263157894736842
Tub:       1    Percent: 5.263157894736842
Blinker:   4    Percent: 21.052631578947366
Toad:      1    Percent: 5.263157894736842
Beacon:    1    Percent: 5.263157894736842
Glider:    1    Percent: 5.263157894736842
Spaceship: 1    Percent: 5.263157894736842
Total:     19

Iteration: 78
Block:     7    Percent: 38.88888888888889
Beehive:   1    Percent: 5.555555555555555
Loaf:      1    Percent: 5.555555555555555
Boat:      1    Percent: 5.555555555555555
Tub:       1    Percent: 5.555555555555555
Blinker:   3    Percent: 16.666666666666664
Toad:      1    Percent: 5.555555555555555
Beacon:    1    Percent: 5.555555555555555
Glider:    1    Percent: 5.555555555555555
Spaceship: 1    Percent: 5.555555555555555
Total:     18

Iteration: 79
Block:     7    Percent: 38.88888888888889
Beehive:   1    Percent: 5.555555555555555
Loaf:      1    Percent: 5.555555555555555
Boat:      1    Percent: 5.555555555555555
Tub:       1    Percent: 5.555555555555555
Blinker:   3    Percent: 16.666666666666664
Toad:      1    Percent: 5.555555555555555
Beacon:    1    Percent: 5.555555555555555
Glider:    1    Percent: 5.555555555555555
Spaceship: 1    Percent: 5.555555555555555
Total:     18

Iteration: 80
Block:     7    Percent: 38.88888888888889
Beehive:   1    Percent: 5.555555555555555
Loaf:      1    Percent: 5.555555555555555
Boat:      1    Percent: 5.555555555555555
Tub:       1    Percent: 5.555555555555555
Blinker:   3    Percent: 16.666666666666664
Toad:      1    Percent: 5.555555555555555
Beacon:    1    Percent: 5.555555555555555
Glider:    1    Percent: 5.555555555555555
Spaceship: 1    Percent: 5.555555555555555
Total:     18

Iteration: 81
Block:     7    Percent: 36.84210526315789
Beehive:   1    Percent: 5.263157894736842
Loaf:      1    Percent: 5.263157894736842
Boat:      1    Percent: 5.263157894736842
Tub:       1    Percent: 5.263157894736842
Blinker:   4    Percent: 21.052631578947366
Toad:      1    Percent: 5.263157894736842
Beacon:    1    Percent: 5.263157894736842
Glider:    1    Percent: 5.263157894736842
Spaceship: 1    Percent: 5.263157894736842
Total:     19

Iteration: 82
Block:     7    Percent: 38.88888888888889
Beehive:   1    Percent: 5.555555555555555
Loaf:      1    Percent: 5.555555555555555
Boat:      1    Percent: 5.555555555555555
Tub:       1    Percent: 5.555555555555555
Blinker:   3    Percent: 16.666666666666664
Toad:      1    Percent: 5.555555555555555
Beacon:    1    Percent: 5.555555555555555
Glider:    1    Percent: 5.555555555555555
Spaceship: 1    Percent: 5.555555555555555
Total:     18

Iteration: 83
Block:     7    Percent: 38.88888888888889
Beehive:   1    Percent: 5.555555555555555
Loaf:      1    Percent: 5.555555555555555
Boat:      1    Percent: 5.555555555555555
Tub:       1    Percent: 5.555555555555555
Blinker:   3    Percent: 16.666666666666664
Toad:      1    Percent: 5.555555555555555
Beacon:    1    Percent: 5.555555555555555
Glider:    1    Percent: 5.555555555555555
Spaceship: 1    Percent: 5.555555555555555
Total:     18

Iteration: 84
Block:     7    Percent: 38.88888888888889
Beehive:   1    Percent: 5.555555555555555
Loaf:      1    Percent: 5.555555555555555
Boat:      1    Percent: 5.555555555555555
Tub:       1    Percent: 5.555555555555555
Blinker:   3    Percent: 16.666666666666664
Toad:      1    Percent: 5.555555555555555
Beacon:    1    Percent: 5.555555555555555
Glider:    1    Percent: 5.555555555555555
Spaceship: 1    Percent: 5.555555555555555
Total:     18

Iteration: 85
Block:     7    Percent: 38.88888888888889
Beehive:   1    Percent: 5.555555555555555
Loaf:      1    Percent: 5.555555555555555
Boat:      1    Percent: 5.555555555555555
Tub:       1    Percent: 5.555555555555555
Blinker:   3    Percent: 16.666666666666664
Toad:      1    Percent: 5.555555555555555
Beacon:    1    Percent: 5.555555555555555
Glider:    1    Percent: 5.555555555555555
Spaceship: 1    Percent: 5.555555555555555
Total:     18

Iteration: 86
Block:     8    Percent: 42.10526315789473
Beehive:   1    Percent: 5.263157894736842
Loaf:      1    Percent: 5.263157894736842
Boat:      1    Percent: 5.263157894736842
Tub:       1    Percent: 5.263157894736842
Blinker:   3    Percent: 15.789473684210526
Toad:      1    Percent: 5.263157894736842
Beacon:    1    Percent: 5.263157894736842
Glider:    1    Percent: 5.263157894736842
Spaceship: 1    Percent: 5.263157894736842
Total:     19

Iteration: 87
Block:     8    Percent: 42.10526315789473
Beehive:   1    Percent: 5.263157894736842
Loaf:      1    Percent: 5.263157894736842
Boat:      1    Percent: 5.263157894736842
Tub:       1    Percent: 5.263157894736842
Blinker:   3    Percent: 15.789473684210526
Toad:      1    Percent: 5.263157894736842
Beacon:    1    Percent: 5.263157894736842
Glider:    1    Percent: 5.263157894736842
Spaceship: 1    Percent: 5.263157894736842
Total:     19

Iteration: 88
Block:     8    Percent: 42.10526315789473
Beehive:   1    Percent: 5.263157894736842
Loaf:      1    Percent: 5.263157894736842
Boat:      1    Percent: 5.263157894736842
Tub:       1    Percent: 5.263157894736842
Blinker:   3    Percent: 15.789473684210526
Toad:      1    Percent: 5.263157894736842
Beacon:    1    Percent: 5.263157894736842
Glider:    1    Percent: 5.263157894736842
Spaceship: 1    Percent: 5.263157894736842
Total:     19

Iteration: 89
Block:     8    Percent: 42.10526315789473
Beehive:   1    Percent: 5.263157894736842
Loaf:      1    Percent: 5.263157894736842
Boat:      1    Percent: 5.263157894736842
Tub:       1    Percent: 5.263157894736842
Blinker:   3    Percent: 15.789473684210526
Toad:      1    Percent: 5.263157894736842
Beacon:    1    Percent: 5.263157894736842
Glider:    1    Percent: 5.263157894736842
Spaceship: 1    Percent: 5.263157894736842
Total:     19

Iteration: 90
Block:     8    Percent: 42.10526315789473
Beehive:   1    Percent: 5.263157894736842
Loaf:      1    Percent: 5.263157894736842
Boat:      1    Percent: 5.263157894736842
Tub:       1    Percent: 5.263157894736842
Blinker:   3    Percent: 15.789473684210526
Toad:      1    Percent: 5.263157894736842
Beacon:    1    Percent: 5.263157894736842
Glider:    1    Percent: 5.263157894736842
Spaceship: 1    Percent: 5.263157894736842
Total:     19

Iteration: 91
Block:     8    Percent: 42.10526315789473
Beehive:   1    Percent: 5.263157894736842
Loaf:      1    Percent: 5.263157894736842
Boat:      1    Percent: 5.263157894736842
Tub:       1    Percent: 5.263157894736842
Blinker:   3    Percent: 15.789473684210526
Toad:      1    Percent: 5.263157894736842
Beacon:    1    Percent: 5.263157894736842
Glider:    1    Percent: 5.263157894736842
Spaceship: 1    Percent: 5.263157894736842
Total:     19

Iteration: 92
Block:     8    Percent: 42.10526315789473
Beehive:   1    Percent: 5.263157894736842
Loaf:      1    Percent: 5.263157894736842
Boat:      1    Percent: 5.263157894736842
Tub:       1    Percent: 5.263157894736842
Blinker:   3    Percent: 15.789473684210526
Toad:      1    Percent: 5.263157894736842
Beacon:    1    Percent: 5.263157894736842
Glider:    1    Percent: 5.263157894736842
Spaceship: 1    Percent: 5.263157894736842
Total:     19

Iteration: 93
Block:     9    Percent: 45.0
Beehive:   1    Percent: 5.0
Loaf:      1    Percent: 5.0
Boat:      1    Percent: 5.0
Tub:       1    Percent: 5.0
Blinker:   3    Percent: 15.0
Toad:      1    Percent: 5.0
Beacon:    1    Percent: 5.0
Glider:    1    Percent: 5.0
Spaceship: 1    Percent: 5.0
Total:     20

Iteration: 94
Block:     8    Percent: 40.0
Beehive:   1    Percent: 5.0
Loaf:      1    Percent: 5.0
Boat:      1    Percent: 5.0
Tub:       1    Percent: 5.0
Blinker:   4    Percent: 20.0
Toad:      1    Percent: 5.0
Beacon:    1    Percent: 5.0
Glider:    1    Percent: 5.0
Spaceship: 1    Percent: 5.0
Total:     20

Iteration: 95
Block:     8    Percent: 42.10526315789473
Beehive:   1    Percent: 5.263157894736842
Loaf:      1    Percent: 5.263157894736842
Boat:      1    Percent: 5.263157894736842
Tub:       1    Percent: 5.263157894736842
Blinker:   3    Percent: 15.789473684210526
Toad:      1    Percent: 5.263157894736842
Beacon:    1    Percent: 5.263157894736842
Glider:    1    Percent: 5.263157894736842
Spaceship: 1    Percent: 5.263157894736842
Total:     19

Iteration: 96
Block:     8    Percent: 40.0
Beehive:   1    Percent: 5.0
Loaf:      1    Percent: 5.0
Boat:      1    Percent: 5.0
Tub:       1    Percent: 5.0
Blinker:   4    Percent: 20.0
Toad:      1    Percent: 5.0
Beacon:    1    Percent: 5.0
Glider:    1    Percent: 5.0
Spaceship: 1    Percent: 5.0
Total:     20

Iteration: 97
Block:     8    Percent: 40.0
Beehive:   1    Percent: 5.0
Loaf:      1    Percent: 5.0
Boat:      1    Percent: 5.0
Tub:       1    Percent: 5.0
Blinker:   4    Percent: 20.0
Toad:      1    Percent: 5.0
Beacon:    1    Percent: 5.0
Glider:    1    Percent: 5.0
Spaceship: 1    Percent: 5.0
Total:     20

Iteration: 98
Block:     8    Percent: 42.10526315789473
Beehive:   1    Percent: 5.263157894736842
Loaf:      1    Percent: 5.263157894736842
Boat:      1    Percent: 5.263157894736842
Tub:       1    Percent: 5.263157894736842
Blinker:   3    Percent: 15.789473684210526
Toad:      1    Percent: 5.263157894736842
Beacon:    1    Percent: 5.263157894736842
Glider:    1    Percent: 5.263157894736842
Spaceship: 1    Percent: 5.263157894736842
Total:     19

Iteration: 99
Block:     8    Percent: 42.10526315789473
Beehive:   1    Percent: 5.263157894736842
Loaf:      1    Percent: 5.263157894736842
Boat:      1    Percent: 5.263157894736842
Tub:       1    Percent: 5.263157894736842
Blinker:   3    Percent: 15.789473684210526
Toad:      1    Percent: 5.263157894736842
Beacon:    1    Percent: 5.263157894736842
Glider:    1    Percent: 5.263157894736842
Spaceship: 1    Percent: 5.263157894736842
Total:     19

Iteration: 100
Block:     8    Percent: 42.10526315789473
Beehive:   1    Percent: 5.263157894736842
Loaf:      1    Percent: 5.263157894736842
Boat:      1    Percent: 5.263157894736842
Tub:       1    Percent: 5.263157894736842
Blinker:   3    Percent: 15.789473684210526
Toad:      1    Percent: 5.263157894736842
Beacon:    1    Percent: 5.263157894736842
Glider:    1    Percent: 5.263157894736842
Spaceship: 1    Percent: 5.263157894736842
Total:     19

Iteration: 101
Block:     9    Percent: 45.0
Beehive:   1    Percent: 5.0
Loaf:      1    Percent: 5.0
Boat:      1    Percent: 5.0
Tub:       1    Percent: 5.0
Blinker:   3    Percent: 15.0
Toad:      1    Percent: 5.0
Beacon:    1    Percent: 5.0
Glider:    1    Percent: 5.0
Spaceship: 1    Percent: 5.0
Total:     20

Iteration: 102
Block:     9    Percent: 45.0
Beehive:   1    Percent: 5.0
Loaf:      1    Percent: 5.0
Boat:      1    Percent: 5.0
Tub:       1    Percent: 5.0
Blinker:   3    Percent: 15.0
Toad:      1    Percent: 5.0
Beacon:    1    Percent: 5.0
Glider:    1    Percent: 5.0
Spaceship: 1    Percent: 5.0
Total:     20

Iteration: 103
Block:     8    Percent: 44.44444444444444
Beehive:   1    Percent: 5.555555555555555
Loaf:      1    Percent: 5.555555555555555
Boat:      1    Percent: 5.555555555555555
Tub:       1    Percent: 5.555555555555555
Blinker:   2    Percent: 11.11111111111111
Toad:      1    Percent: 5.555555555555555
Beacon:    1    Percent: 5.555555555555555
Glider:    1    Percent: 5.555555555555555
Spaceship: 1    Percent: 5.555555555555555
Total:     18

Iteration: 104
Block:     8    Percent: 42.10526315789473
Beehive:   1    Percent: 5.263157894736842
Loaf:      1    Percent: 5.263157894736842
Boat:      1    Percent: 5.263157894736842
Tub:       1    Percent: 5.263157894736842
Blinker:   2    Percent: 10.526315789473683
Toad:      1    Percent: 5.263157894736842
Beacon:    1    Percent: 5.263157894736842
Glider:    2    Percent: 10.526315789473683
Spaceship: 1    Percent: 5.263157894736842
Total:     19

Iteration: 105
Block:     8    Percent: 42.10526315789473
Beehive:   1    Percent: 5.263157894736842
Loaf:      1    Percent: 5.263157894736842
Boat:      1    Percent: 5.263157894736842
Tub:       1    Percent: 5.263157894736842
Blinker:   2    Percent: 10.526315789473683
Toad:      1    Percent: 5.263157894736842
Beacon:    1    Percent: 5.263157894736842
Glider:    2    Percent: 10.526315789473683
Spaceship: 1    Percent: 5.263157894736842
Total:     19

Iteration: 106
Block:     7    Percent: 41.17647058823529
Beehive:   1    Percent: 5.88235294117647
Loaf:      1    Percent: 5.88235294117647
Boat:      1    Percent: 5.88235294117647
Tub:       1    Percent: 5.88235294117647
Blinker:   2    Percent: 11.76470588235294
Toad:      1    Percent: 5.88235294117647
Beacon:    1    Percent: 5.88235294117647
Glider:    1    Percent: 5.88235294117647
Spaceship: 1    Percent: 5.88235294117647
Total:     17

Iteration: 107
Block:     7    Percent: 38.88888888888889
Beehive:   1    Percent: 5.555555555555555
Loaf:      1    Percent: 5.555555555555555
Boat:      1    Percent: 5.555555555555555
Tub:       1    Percent: 5.555555555555555
Blinker:   2    Percent: 11.11111111111111
Toad:      1    Percent: 5.555555555555555
Beacon:    1    Percent: 5.555555555555555
Glider:    2    Percent: 11.11111111111111
Spaceship: 1    Percent: 5.555555555555555
Total:     18

Iteration: 108
Block:     7    Percent: 41.17647058823529
Beehive:   1    Percent: 5.88235294117647
Loaf:      1    Percent: 5.88235294117647
Boat:      1    Percent: 5.88235294117647
Tub:       1    Percent: 5.88235294117647
Blinker:   2    Percent: 11.76470588235294
Toad:      1    Percent: 5.88235294117647
Beacon:    1    Percent: 5.88235294117647
Glider:    1    Percent: 5.88235294117647
Spaceship: 1    Percent: 5.88235294117647
Total:     17

Iteration: 109
Block:     8    Percent: 40.0
Beehive:   1    Percent: 5.0
Loaf:      1    Percent: 5.0
Boat:      1    Percent: 5.0
Tub:       1    Percent: 5.0
Blinker:   3    Percent: 15.0
Toad:      1    Percent: 5.0
Beacon:    1    Percent: 5.0
Glider:    2    Percent: 10.0
Spaceship: 1    Percent: 5.0
Total:     20

Iteration: 110
Block:     7    Percent: 36.84210526315789
Beehive:   1    Percent: 5.263157894736842
Loaf:      1    Percent: 5.263157894736842
Boat:      1    Percent: 5.263157894736842
Tub:       1    Percent: 5.263157894736842
Blinker:   4    Percent: 21.052631578947366
Toad:      1    Percent: 5.263157894736842
Beacon:    1    Percent: 5.263157894736842
Glider:    1    Percent: 5.263157894736842
Spaceship: 1    Percent: 5.263157894736842
Total:     19

Iteration: 111
Block:     7    Percent: 41.17647058823529
Beehive:   1    Percent: 5.88235294117647
Loaf:      1    Percent: 5.88235294117647
Boat:      1    Percent: 5.88235294117647
Tub:       1    Percent: 5.88235294117647
Blinker:   2    Percent: 11.76470588235294
Toad:      1    Percent: 5.88235294117647
Beacon:    1    Percent: 5.88235294117647
Glider:    1    Percent: 5.88235294117647
Spaceship: 1    Percent: 5.88235294117647
Total:     17

Iteration: 112
Block:     7    Percent: 38.88888888888889
Beehive:   1    Percent: 5.555555555555555
Loaf:      1    Percent: 5.555555555555555
Boat:      1    Percent: 5.555555555555555
Tub:       1    Percent: 5.555555555555555
Blinker:   3    Percent: 16.666666666666664
Toad:      1    Percent: 5.555555555555555
Beacon:    1    Percent: 5.555555555555555
Glider:    1    Percent: 5.555555555555555
Spaceship: 1    Percent: 5.555555555555555
Total:     18

Iteration: 113
Block:     8    Percent: 42.10526315789473
Beehive:   1    Percent: 5.263157894736842
Loaf:      1    Percent: 5.263157894736842
Boat:      1    Percent: 5.263157894736842
Tub:       1    Percent: 5.263157894736842
Blinker:   3    Percent: 15.789473684210526
Toad:      1    Percent: 5.263157894736842
Beacon:    1    Percent: 5.263157894736842
Glider:    1    Percent: 5.263157894736842
Spaceship: 1    Percent: 5.263157894736842
Total:     19

Iteration: 114
Block:     7    Percent: 36.84210526315789
Beehive:   1    Percent: 5.263157894736842
Loaf:      1    Percent: 5.263157894736842
Boat:      1    Percent: 5.263157894736842
Tub:       1    Percent: 5.263157894736842
Blinker:   4    Percent: 21.052631578947366
Toad:      1    Percent: 5.263157894736842
Beacon:    1    Percent: 5.263157894736842
Glider:    1    Percent: 5.263157894736842
Spaceship: 1    Percent: 5.263157894736842
Total:     19

Iteration: 115
Block:     5    Percent: 31.25
Beehive:   1    Percent: 6.25
Loaf:      1    Percent: 6.25
Boat:      1    Percent: 6.25
Tub:       1    Percent: 6.25
Blinker:   3    Percent: 18.75
Toad:      1    Percent: 6.25
Beacon:    1    Percent: 6.25
Glider:    1    Percent: 6.25
Spaceship: 1    Percent: 6.25
Total:     16

Iteration: 116
Block:     6    Percent: 31.57894736842105
Beehive:   1    Percent: 5.263157894736842
Loaf:      1    Percent: 5.263157894736842
Boat:      1    Percent: 5.263157894736842
Tub:       1    Percent: 5.263157894736842
Blinker:   5    Percent: 26.31578947368421
Toad:      1    Percent: 5.263157894736842
Beacon:    1    Percent: 5.263157894736842
Glider:    1    Percent: 5.263157894736842
Spaceship: 1    Percent: 5.263157894736842
Total:     19

Iteration: 117
Block:     6    Percent: 33.33333333333333
Beehive:   1    Percent: 5.555555555555555
Loaf:      1    Percent: 5.555555555555555
Boat:      1    Percent: 5.555555555555555
Tub:       1    Percent: 5.555555555555555
Blinker:   4    Percent: 22.22222222222222
Toad:      1    Percent: 5.555555555555555
Beacon:    1    Percent: 5.555555555555555
Glider:    1    Percent: 5.555555555555555
Spaceship: 1    Percent: 5.555555555555555
Total:     18

Iteration: 118
Block:     5    Percent: 29.411764705882355
Beehive:   1    Percent: 5.88235294117647
Loaf:      1    Percent: 5.88235294117647
Boat:      1    Percent: 5.88235294117647
Tub:       1    Percent: 5.88235294117647
Blinker:   4    Percent: 23.52941176470588
Toad:      1    Percent: 5.88235294117647
Beacon:    1    Percent: 5.88235294117647
Glider:    1    Percent: 5.88235294117647
Spaceship: 1    Percent: 5.88235294117647
Total:     17

Iteration: 119
Block:     5    Percent: 29.411764705882355
Beehive:   1    Percent: 5.88235294117647
Loaf:      1    Percent: 5.88235294117647
Boat:      1    Percent: 5.88235294117647
Tub:       1    Percent: 5.88235294117647
Blinker:   4    Percent: 23.52941176470588
Toad:      1    Percent: 5.88235294117647
Beacon:    1    Percent: 5.88235294117647
Glider:    1    Percent: 5.88235294117647
Spaceship: 1    Percent: 5.88235294117647
Total:     17

Iteration: 120
Block:     5    Percent: 31.25
Beehive:   1    Percent: 6.25
Loaf:      1    Percent: 6.25
Boat:      1    Percent: 6.25
Tub:       1    Percent: 6.25
Blinker:   3    Percent: 18.75
Toad:      1    Percent: 6.25
Beacon:    1    Percent: 6.25
Glider:    1    Percent: 6.25
Spaceship: 1    Percent: 6.25
Total:     16

Iteration: 121
Block:     5    Percent: 31.25
Beehive:   1    Percent: 6.25
Loaf:      1    Percent: 6.25
Boat:      1    Percent: 6.25
Tub:       1    Percent: 6.25
Blinker:   3    Percent: 18.75
Toad:      1    Percent: 6.25
Beacon:    1    Percent: 6.25
Glider:    1    Percent: 6.25
Spaceship: 1    Percent: 6.25
Total:     16

Iteration: 122
Block:     5    Percent: 29.411764705882355
Beehive:   1    Percent: 5.88235294117647
Loaf:      1    Percent: 5.88235294117647
Boat:      1    Percent: 5.88235294117647
Tub:       1    Percent: 5.88235294117647
Blinker:   3    Percent: 17.647058823529413
Toad:      1    Percent: 5.88235294117647
Beacon:    1    Percent: 5.88235294117647
Glider:    2    Percent: 11.76470588235294
Spaceship: 1    Percent: 5.88235294117647
Total:     17

Iteration: 123
Block:     6    Percent: 31.57894736842105
Beehive:   1    Percent: 5.263157894736842
Loaf:      1    Percent: 5.263157894736842
Boat:      1    Percent: 5.263157894736842
Tub:       1    Percent: 5.263157894736842
Blinker:   4    Percent: 21.052631578947366
Toad:      1    Percent: 5.263157894736842
Beacon:    1    Percent: 5.263157894736842
Glider:    2    Percent: 10.526315789473683
Spaceship: 1    Percent: 5.263157894736842
Total:     19

Iteration: 124
Block:     5    Percent: 29.411764705882355
Beehive:   1    Percent: 5.88235294117647
Loaf:      1    Percent: 5.88235294117647
Boat:      1    Percent: 5.88235294117647
Tub:       1    Percent: 5.88235294117647
Blinker:   3    Percent: 17.647058823529413
Toad:      1    Percent: 5.88235294117647
Beacon:    1    Percent: 5.88235294117647
Glider:    2    Percent: 11.76470588235294
Spaceship: 1    Percent: 5.88235294117647
Total:     17

Iteration: 125
Block:     5    Percent: 29.411764705882355
Beehive:   1    Percent: 5.88235294117647
Loaf:      1    Percent: 5.88235294117647
Boat:      1    Percent: 5.88235294117647
Tub:       1    Percent: 5.88235294117647
Blinker:   3    Percent: 17.647058823529413
Toad:      1    Percent: 5.88235294117647
Beacon:    1    Percent: 5.88235294117647
Glider:    2    Percent: 11.76470588235294
Spaceship: 1    Percent: 5.88235294117647
Total:     17

Iteration: 126
Block:     5    Percent: 29.411764705882355
Beehive:   1    Percent: 5.88235294117647
Loaf:      1    Percent: 5.88235294117647
Boat:      1    Percent: 5.88235294117647
Tub:       1    Percent: 5.88235294117647
Blinker:   3    Percent: 17.647058823529413
Toad:      1    Percent: 5.88235294117647
Beacon:    1    Percent: 5.88235294117647
Glider:    2    Percent: 11.76470588235294
Spaceship: 1    Percent: 5.88235294117647
Total:     17

Iteration: 127
Block:     5    Percent: 29.411764705882355
Beehive:   1    Percent: 5.88235294117647
Loaf:      1    Percent: 5.88235294117647
Boat:      1    Percent: 5.88235294117647
Tub:       1    Percent: 5.88235294117647
Blinker:   3    Percent: 17.647058823529413
Toad:      1    Percent: 5.88235294117647
Beacon:    1    Percent: 5.88235294117647
Glider:    2    Percent: 11.76470588235294
Spaceship: 1    Percent: 5.88235294117647
Total:     17

Iteration: 128
Block:     5    Percent: 27.77777777777778
Beehive:   1    Percent: 5.555555555555555
Loaf:      1    Percent: 5.555555555555555
Boat:      1    Percent: 5.555555555555555
Tub:       1    Percent: 5.555555555555555
Blinker:   4    Percent: 22.22222222222222
Toad:      1    Percent: 5.555555555555555
Beacon:    1    Percent: 5.555555555555555
Glider:    2    Percent: 11.11111111111111
Spaceship: 1    Percent: 5.555555555555555
Total:     18

Iteration: 129
Block:     5    Percent: 25.0
Beehive:   1    Percent: 5.0
Loaf:      1    Percent: 5.0
Boat:      1    Percent: 5.0
Tub:       1    Percent: 5.0
Blinker:   6    Percent: 30.0
Toad:      1    Percent: 5.0
Beacon:    1    Percent: 5.0
Glider:    2    Percent: 10.0
Spaceship: 1    Percent: 5.0
Total:     20

Iteration: 130
Block:     5    Percent: 25.0
Beehive:   1    Percent: 5.0
Loaf:      1    Percent: 5.0
Boat:      1    Percent: 5.0
Tub:       1    Percent: 5.0
Blinker:   6    Percent: 30.0
Toad:      1    Percent: 5.0
Beacon:    1    Percent: 5.0
Glider:    2    Percent: 10.0
Spaceship: 1    Percent: 5.0
Total:     20

Iteration: 131
Block:     6    Percent: 31.57894736842105
Beehive:   1    Percent: 5.263157894736842
Loaf:      1    Percent: 5.263157894736842
Boat:      1    Percent: 5.263157894736842
Tub:       1    Percent: 5.263157894736842
Blinker:   4    Percent: 21.052631578947366
Toad:      1    Percent: 5.263157894736842
Beacon:    1    Percent: 5.263157894736842
Glider:    2    Percent: 10.526315789473683
Spaceship: 1    Percent: 5.263157894736842
Total:     19

Iteration: 132
Block:     6    Percent: 30.0
Beehive:   1    Percent: 5.0
Loaf:      1    Percent: 5.0
Boat:      1    Percent: 5.0
Tub:       1    Percent: 5.0
Blinker:   5    Percent: 25.0
Toad:      1    Percent: 5.0
Beacon:    1    Percent: 5.0
Glider:    2    Percent: 10.0
Spaceship: 1    Percent: 5.0
Total:     20

Iteration: 133
Block:     7    Percent: 36.84210526315789
Beehive:   1    Percent: 5.263157894736842
Loaf:      1    Percent: 5.263157894736842
Boat:      1    Percent: 5.263157894736842
Tub:       1    Percent: 5.263157894736842
Blinker:   3    Percent: 15.789473684210526
Toad:      1    Percent: 5.263157894736842
Beacon:    1    Percent: 5.263157894736842
Glider:    2    Percent: 10.526315789473683
Spaceship: 1    Percent: 5.263157894736842
Total:     19

Iteration: 134
Block:     7    Percent: 36.84210526315789
Beehive:   1    Percent: 5.263157894736842
Loaf:      1    Percent: 5.263157894736842
Boat:      1    Percent: 5.263157894736842
Tub:       1    Percent: 5.263157894736842
Blinker:   3    Percent: 15.789473684210526
Toad:      1    Percent: 5.263157894736842
Beacon:    1    Percent: 5.263157894736842
Glider:    2    Percent: 10.526315789473683
Spaceship: 1    Percent: 5.263157894736842
Total:     19

Iteration: 135
Block:     7    Percent: 36.84210526315789
Beehive:   1    Percent: 5.263157894736842
Loaf:      1    Percent: 5.263157894736842
Boat:      1    Percent: 5.263157894736842
Tub:       1    Percent: 5.263157894736842
Blinker:   3    Percent: 15.789473684210526
Toad:      1    Percent: 5.263157894736842
Beacon:    1    Percent: 5.263157894736842
Glider:    2    Percent: 10.526315789473683
Spaceship: 1    Percent: 5.263157894736842
Total:     19

Iteration: 136
Block:     7    Percent: 35.0
Beehive:   1    Percent: 5.0
Loaf:      1    Percent: 5.0
Boat:      1    Percent: 5.0
Tub:       1    Percent: 5.0
Blinker:   4    Percent: 20.0
Toad:      1    Percent: 5.0
Beacon:    1    Percent: 5.0
Glider:    2    Percent: 10.0
Spaceship: 1    Percent: 5.0
Total:     20

Iteration: 137
Block:     7    Percent: 35.0
Beehive:   1    Percent: 5.0
Loaf:      1    Percent: 5.0
Boat:      1    Percent: 5.0
Tub:       1    Percent: 5.0
Blinker:   4    Percent: 20.0
Toad:      1    Percent: 5.0
Beacon:    1    Percent: 5.0
Glider:    2    Percent: 10.0
Spaceship: 1    Percent: 5.0
Total:     20

Iteration: 138
Block:     7    Percent: 35.0
Beehive:   1    Percent: 5.0
Loaf:      1    Percent: 5.0
Boat:      1    Percent: 5.0
Tub:       1    Percent: 5.0
Blinker:   4    Percent: 20.0
Toad:      1    Percent: 5.0
Beacon:    1    Percent: 5.0
Glider:    2    Percent: 10.0
Spaceship: 1    Percent: 5.0
Total:     20

Iteration: 139
Block:     7    Percent: 36.84210526315789
Beehive:   1    Percent: 5.263157894736842
Loaf:      1    Percent: 5.263157894736842
Boat:      1    Percent: 5.263157894736842
Tub:       1    Percent: 5.263157894736842
Blinker:   3    Percent: 15.789473684210526
Toad:      1    Percent: 5.263157894736842
Beacon:    1    Percent: 5.263157894736842
Glider:    2    Percent: 10.526315789473683
Spaceship: 1    Percent: 5.263157894736842
Total:     19

Iteration: 140
Block:     7    Percent: 36.84210526315789
Beehive:   1    Percent: 5.263157894736842
Loaf:      1    Percent: 5.263157894736842
Boat:      1    Percent: 5.263157894736842
Tub:       1    Percent: 5.263157894736842
Blinker:   3    Percent: 15.789473684210526
Toad:      1    Percent: 5.263157894736842
Beacon:    1    Percent: 5.263157894736842
Glider:    2    Percent: 10.526315789473683
Spaceship: 1    Percent: 5.263157894736842
Total:     19

Iteration: 141
Block:     7    Percent: 38.88888888888889
Beehive:   1    Percent: 5.555555555555555
Loaf:      1    Percent: 5.555555555555555
Boat:      1    Percent: 5.555555555555555
Tub:       1    Percent: 5.555555555555555
Blinker:   2    Percent: 11.11111111111111
Toad:      1    Percent: 5.555555555555555
Beacon:    1    Percent: 5.555555555555555
Glider:    2    Percent: 11.11111111111111
Spaceship: 1    Percent: 5.555555555555555
Total:     18

Iteration: 142
Block:     7    Percent: 33.33333333333333
Beehive:   1    Percent: 4.761904761904762
Loaf:      1    Percent: 4.761904761904762
Boat:      1    Percent: 4.761904761904762
Tub:       1    Percent: 4.761904761904762
Blinker:   5    Percent: 23.809523809523807
Toad:      1    Percent: 4.761904761904762
Beacon:    1    Percent: 4.761904761904762
Glider:    2    Percent: 9.523809523809524
Spaceship: 1    Percent: 4.761904761904762
Total:     21

Iteration: 143
Block:     7    Percent: 35.0
Beehive:   1    Percent: 5.0
Loaf:      1    Percent: 5.0
Boat:      1    Percent: 5.0
Tub:       1    Percent: 5.0
Blinker:   4    Percent: 20.0
Toad:      1    Percent: 5.0
Beacon:    1    Percent: 5.0
Glider:    2    Percent: 10.0
Spaceship: 1    Percent: 5.0
Total:     20

Iteration: 144
Block:     8    Percent: 38.095238095238095
Beehive:   1    Percent: 4.761904761904762
Loaf:      1    Percent: 4.761904761904762
Boat:      1    Percent: 4.761904761904762
Tub:       1    Percent: 4.761904761904762
Blinker:   4    Percent: 19.047619047619047
Toad:      1    Percent: 4.761904761904762
Beacon:    1    Percent: 4.761904761904762
Glider:    2    Percent: 9.523809523809524
Spaceship: 1    Percent: 4.761904761904762
Total:     21

Iteration: 145
Block:     6    Percent: 31.57894736842105
Beehive:   1    Percent: 5.263157894736842
Loaf:      1    Percent: 5.263157894736842
Boat:      1    Percent: 5.263157894736842
Tub:       1    Percent: 5.263157894736842
Blinker:   4    Percent: 21.052631578947366
Toad:      1    Percent: 5.263157894736842
Beacon:    1    Percent: 5.263157894736842
Glider:    2    Percent: 10.526315789473683
Spaceship: 1    Percent: 5.263157894736842
Total:     19

Iteration: 146
Block:     5    Percent: 27.77777777777778
Beehive:   1    Percent: 5.555555555555555
Loaf:      1    Percent: 5.555555555555555
Boat:      1    Percent: 5.555555555555555
Tub:       1    Percent: 5.555555555555555
Blinker:   4    Percent: 22.22222222222222
Toad:      1    Percent: 5.555555555555555
Beacon:    1    Percent: 5.555555555555555
Glider:    2    Percent: 11.11111111111111
Spaceship: 1    Percent: 5.555555555555555
Total:     18

Iteration: 147
Block:     5    Percent: 26.31578947368421
Beehive:   1    Percent: 5.263157894736842
Loaf:      1    Percent: 5.263157894736842
Boat:      1    Percent: 5.263157894736842
Tub:       1    Percent: 5.263157894736842
Blinker:   5    Percent: 26.31578947368421
Toad:      1    Percent: 5.263157894736842
Beacon:    1    Percent: 5.263157894736842
Glider:    2    Percent: 10.526315789473683
Spaceship: 1    Percent: 5.263157894736842
Total:     19

Iteration: 148
Block:     6    Percent: 31.57894736842105
Beehive:   1    Percent: 5.263157894736842
Loaf:      1    Percent: 5.263157894736842
Boat:      1    Percent: 5.263157894736842
Tub:       1    Percent: 5.263157894736842
Blinker:   4    Percent: 21.052631578947366
Toad:      1    Percent: 5.263157894736842
Beacon:    1    Percent: 5.263157894736842
Glider:    2    Percent: 10.526315789473683
Spaceship: 1    Percent: 5.263157894736842
Total:     19

Iteration: 149
Block:     5    Percent: 27.77777777777778
Beehive:   1    Percent: 5.555555555555555
Loaf:      1    Percent: 5.555555555555555
Boat:      1    Percent: 5.555555555555555
Tub:       1    Percent: 5.555555555555555
Blinker:   4    Percent: 22.22222222222222
Toad:      1    Percent: 5.555555555555555
Beacon:    1    Percent: 5.555555555555555
Glider:    2    Percent: 11.11111111111111
Spaceship: 1    Percent: 5.555555555555555
Total:     18

Iteration: 150
Block:     6    Percent: 30.0
Beehive:   1    Percent: 5.0
Loaf:      1    Percent: 5.0
Boat:      1    Percent: 5.0
Tub:       1    Percent: 5.0
Blinker:   5    Percent: 25.0
Toad:      1    Percent: 5.0
Beacon:    1    Percent: 5.0
Glider:    2    Percent: 10.0
Spaceship: 1    Percent: 5.0
Total:     20

Iteration: 151
Block:     6    Percent: 33.33333333333333
Beehive:   1    Percent: 5.555555555555555
Loaf:      1    Percent: 5.555555555555555
Boat:      1    Percent: 5.555555555555555
Tub:       1    Percent: 5.555555555555555
Blinker:   3    Percent: 16.666666666666664
Toad:      1    Percent: 5.555555555555555
Beacon:    1    Percent: 5.555555555555555
Glider:    2    Percent: 11.11111111111111
Spaceship: 1    Percent: 5.555555555555555
Total:     18

Iteration: 152
Block:     6    Percent: 33.33333333333333
Beehive:   1    Percent: 5.555555555555555
Loaf:      1    Percent: 5.555555555555555
Boat:      1    Percent: 5.555555555555555
Tub:       1    Percent: 5.555555555555555
Blinker:   3    Percent: 16.666666666666664
Toad:      1    Percent: 5.555555555555555
Beacon:    1    Percent: 5.555555555555555
Glider:    2    Percent: 11.11111111111111
Spaceship: 1    Percent: 5.555555555555555
Total:     18

Iteration: 153
Block:     7    Percent: 36.84210526315789
Beehive:   1    Percent: 5.263157894736842
Loaf:      1    Percent: 5.263157894736842
Boat:      1    Percent: 5.263157894736842
Tub:       1    Percent: 5.263157894736842
Blinker:   3    Percent: 15.789473684210526
Toad:      1    Percent: 5.263157894736842
Beacon:    1    Percent: 5.263157894736842
Glider:    2    Percent: 10.526315789473683
Spaceship: 1    Percent: 5.263157894736842
Total:     19

Iteration: 154
Block:     6    Percent: 33.33333333333333
Beehive:   1    Percent: 5.555555555555555
Loaf:      1    Percent: 5.555555555555555
Boat:      1    Percent: 5.555555555555555
Tub:       1    Percent: 5.555555555555555
Blinker:   3    Percent: 16.666666666666664
Toad:      1    Percent: 5.555555555555555
Beacon:    1    Percent: 5.555555555555555
Glider:    2    Percent: 11.11111111111111
Spaceship: 1    Percent: 5.555555555555555
Total:     18

Iteration: 155
Block:     6    Percent: 33.33333333333333
Beehive:   1    Percent: 5.555555555555555
Loaf:      1    Percent: 5.555555555555555
Boat:      1    Percent: 5.555555555555555
Tub:       1    Percent: 5.555555555555555
Blinker:   3    Percent: 16.666666666666664
Toad:      1    Percent: 5.555555555555555
Beacon:    1    Percent: 5.555555555555555
Glider:    2    Percent: 11.11111111111111
Spaceship: 1    Percent: 5.555555555555555
Total:     18

Iteration: 156
Block:     6    Percent: 33.33333333333333
Beehive:   1    Percent: 5.555555555555555
Loaf:      1    Percent: 5.555555555555555
Boat:      1    Percent: 5.555555555555555
Tub:       1    Percent: 5.555555555555555
Blinker:   3    Percent: 16.666666666666664
Toad:      1    Percent: 5.555555555555555
Beacon:    1    Percent: 5.555555555555555
Glider:    2    Percent: 11.11111111111111
Spaceship: 1    Percent: 5.555555555555555
Total:     18

Iteration: 157
Block:     6    Percent: 30.0
Beehive:   1    Percent: 5.0
Loaf:      1    Percent: 5.0
Boat:      1    Percent: 5.0
Tub:       1    Percent: 5.0
Blinker:   5    Percent: 25.0
Toad:      1    Percent: 5.0
Beacon:    1    Percent: 5.0
Glider:    2    Percent: 10.0
Spaceship: 1    Percent: 5.0
Total:     20

Iteration: 158
Block:     6    Percent: 30.0
Beehive:   1    Percent: 5.0
Loaf:      1    Percent: 5.0
Boat:      1    Percent: 5.0
Tub:       1    Percent: 5.0
Blinker:   4    Percent: 20.0
Toad:      1    Percent: 5.0
Beacon:    1    Percent: 5.0
Glider:    3    Percent: 15.0
Spaceship: 1    Percent: 5.0
Total:     20

Iteration: 159
Block:     6    Percent: 31.57894736842105
Beehive:   1    Percent: 5.263157894736842
Loaf:      1    Percent: 5.263157894736842
Boat:      1    Percent: 5.263157894736842
Tub:       1    Percent: 5.263157894736842
Blinker:   3    Percent: 15.789473684210526
Toad:      1    Percent: 5.263157894736842
Beacon:    1    Percent: 5.263157894736842
Glider:    3    Percent: 15.789473684210526
Spaceship: 1    Percent: 5.263157894736842
Total:     19

Iteration: 160
Block:     5    Percent: 27.77777777777778
Beehive:   1    Percent: 5.555555555555555
Loaf:      1    Percent: 5.555555555555555
Boat:      1    Percent: 5.555555555555555
Tub:       1    Percent: 5.555555555555555
Blinker:   3    Percent: 16.666666666666664
Toad:      1    Percent: 5.555555555555555
Beacon:    1    Percent: 5.555555555555555
Glider:    3    Percent: 16.666666666666664
Spaceship: 1    Percent: 5.555555555555555
Total:     18

Iteration: 161
Block:     6    Percent: 31.57894736842105
Beehive:   1    Percent: 5.263157894736842
Loaf:      1    Percent: 5.263157894736842
Boat:      1    Percent: 5.263157894736842
Tub:       1    Percent: 5.263157894736842
Blinker:   3    Percent: 15.789473684210526
Toad:      1    Percent: 5.263157894736842
Beacon:    1    Percent: 5.263157894736842
Glider:    3    Percent: 15.789473684210526
Spaceship: 1    Percent: 5.263157894736842
Total:     19

Iteration: 162
Block:     6    Percent: 33.33333333333333
Beehive:   1    Percent: 5.555555555555555
Loaf:      1    Percent: 5.555555555555555
Boat:      1    Percent: 5.555555555555555
Tub:       1    Percent: 5.555555555555555
Blinker:   2    Percent: 11.11111111111111
Toad:      1    Percent: 5.555555555555555
Beacon:    1    Percent: 5.555555555555555
Glider:    3    Percent: 16.666666666666664
Spaceship: 1    Percent: 5.555555555555555
Total:     18

Iteration: 163
Block:     6    Percent: 31.57894736842105
Beehive:   1    Percent: 5.263157894736842
Loaf:      1    Percent: 5.263157894736842
Boat:      1    Percent: 5.263157894736842
Tub:       1    Percent: 5.263157894736842
Blinker:   3    Percent: 15.789473684210526
Toad:      1    Percent: 5.263157894736842
Beacon:    1    Percent: 5.263157894736842
Glider:    3    Percent: 15.789473684210526
Spaceship: 1    Percent: 5.263157894736842
Total:     19

Iteration: 164
Block:     5    Percent: 29.411764705882355
Beehive:   1    Percent: 5.88235294117647
Loaf:      1    Percent: 5.88235294117647
Boat:      1    Percent: 5.88235294117647
Tub:       1    Percent: 5.88235294117647
Blinker:   2    Percent: 11.76470588235294
Toad:      1    Percent: 5.88235294117647
Beacon:    1    Percent: 5.88235294117647
Glider:    3    Percent: 17.647058823529413
Spaceship: 1    Percent: 5.88235294117647
Total:     17

Iteration: 165
Block:     5    Percent: 29.411764705882355
Beehive:   1    Percent: 5.88235294117647
Loaf:      1    Percent: 5.88235294117647
Boat:      1    Percent: 5.88235294117647
Tub:       1    Percent: 5.88235294117647
Blinker:   2    Percent: 11.76470588235294
Toad:      1    Percent: 5.88235294117647
Beacon:    1    Percent: 5.88235294117647
Glider:    3    Percent: 17.647058823529413
Spaceship: 1    Percent: 5.88235294117647
Total:     17

Iteration: 166
Block:     5    Percent: 26.31578947368421
Beehive:   1    Percent: 5.263157894736842
Loaf:      1    Percent: 5.263157894736842
Boat:      1    Percent: 5.263157894736842
Tub:       1    Percent: 5.263157894736842
Blinker:   4    Percent: 21.052631578947366
Toad:      1    Percent: 5.263157894736842
Beacon:    1    Percent: 5.263157894736842
Glider:    3    Percent: 15.789473684210526
Spaceship: 1    Percent: 5.263157894736842
Total:     19

Iteration: 167
Block:     5    Percent: 27.77777777777778
Beehive:   1    Percent: 5.555555555555555
Loaf:      1    Percent: 5.555555555555555
Boat:      1    Percent: 5.555555555555555
Tub:       1    Percent: 5.555555555555555
Blinker:   3    Percent: 16.666666666666664
Toad:      1    Percent: 5.555555555555555
Beacon:    1    Percent: 5.555555555555555
Glider:    3    Percent: 16.666666666666664
Spaceship: 1    Percent: 5.555555555555555
Total:     18

Iteration: 168
Block:     6    Percent: 33.33333333333333
Beehive:   1    Percent: 5.555555555555555
Loaf:      1    Percent: 5.555555555555555
Boat:      1    Percent: 5.555555555555555
Tub:       1    Percent: 5.555555555555555
Blinker:   2    Percent: 11.11111111111111
Toad:      1    Percent: 5.555555555555555
Beacon:    1    Percent: 5.555555555555555
Glider:    3    Percent: 16.666666666666664
Spaceship: 1    Percent: 5.555555555555555
Total:     18

Iteration: 169
Block:     5    Percent: 29.411764705882355
Beehive:   1    Percent: 5.88235294117647
Loaf:      1    Percent: 5.88235294117647
Boat:      1    Percent: 5.88235294117647
Tub:       1    Percent: 5.88235294117647
Blinker:   2    Percent: 11.76470588235294
Toad:      1    Percent: 5.88235294117647
Beacon:    1    Percent: 5.88235294117647
Glider:    3    Percent: 17.647058823529413
Spaceship: 1    Percent: 5.88235294117647
Total:     17

Iteration: 170
Block:     5    Percent: 25.0
Beehive:   1    Percent: 5.0
Loaf:      1    Percent: 5.0
Boat:      1    Percent: 5.0
Tub:       1    Percent: 5.0
Blinker:   5    Percent: 25.0
Toad:      1    Percent: 5.0
Beacon:    1    Percent: 5.0
Glider:    3    Percent: 15.0
Spaceship: 1    Percent: 5.0
Total:     20

Iteration: 171
Block:     5    Percent: 29.411764705882355
Beehive:   1    Percent: 5.88235294117647
Loaf:      1    Percent: 5.88235294117647
Boat:      1    Percent: 5.88235294117647
Tub:       1    Percent: 5.88235294117647
Blinker:   2    Percent: 11.76470588235294
Toad:      1    Percent: 5.88235294117647
Beacon:    1    Percent: 5.88235294117647
Glider:    3    Percent: 17.647058823529413
Spaceship: 1    Percent: 5.88235294117647
Total:     17

Iteration: 172
Block:     4    Percent: 25.0
Beehive:   1    Percent: 6.25
Loaf:      1    Percent: 6.25
Boat:      1    Percent: 6.25
Tub:       1    Percent: 6.25
Blinker:   2    Percent: 12.5
Toad:      1    Percent: 6.25
Beacon:    1    Percent: 6.25
Glider:    3    Percent: 18.75
Spaceship: 1    Percent: 6.25
Total:     16

Iteration: 173
Block:     4    Percent: 23.52941176470588
Beehive:   1    Percent: 5.88235294117647
Loaf:      1    Percent: 5.88235294117647
Boat:      1    Percent: 5.88235294117647
Tub:       1    Percent: 5.88235294117647
Blinker:   3    Percent: 17.647058823529413
Toad:      1    Percent: 5.88235294117647
Beacon:    1    Percent: 5.88235294117647
Glider:    3    Percent: 17.647058823529413
Spaceship: 1    Percent: 5.88235294117647
Total:     17

Iteration: 174
Block:     4    Percent: 25.0
Beehive:   1    Percent: 6.25
Loaf:      1    Percent: 6.25
Boat:      1    Percent: 6.25
Tub:       1    Percent: 6.25
Blinker:   2    Percent: 12.5
Toad:      1    Percent: 6.25
Beacon:    1    Percent: 6.25
Glider:    3    Percent: 18.75
Spaceship: 1    Percent: 6.25
Total:     16

Iteration: 175
Block:     4    Percent: 22.22222222222222
Beehive:   1    Percent: 5.555555555555555
Loaf:      1    Percent: 5.555555555555555
Boat:      1    Percent: 5.555555555555555
Tub:       1    Percent: 5.555555555555555
Blinker:   4    Percent: 22.22222222222222
Toad:      1    Percent: 5.555555555555555
Beacon:    1    Percent: 5.555555555555555
Glider:    3    Percent: 16.666666666666664
Spaceship: 1    Percent: 5.555555555555555
Total:     18

Iteration: 176
Block:     4    Percent: 25.0
Beehive:   1    Percent: 6.25
Loaf:      1    Percent: 6.25
Boat:      1    Percent: 6.25
Tub:       1    Percent: 6.25
Blinker:   2    Percent: 12.5
Toad:      1    Percent: 6.25
Beacon:    1    Percent: 6.25
Glider:    3    Percent: 18.75
Spaceship: 1    Percent: 6.25
Total:     16

Iteration: 177
Block:     5    Percent: 29.411764705882355
Beehive:   1    Percent: 5.88235294117647
Loaf:      1    Percent: 5.88235294117647
Boat:      1    Percent: 5.88235294117647
Tub:       1    Percent: 5.88235294117647
Blinker:   2    Percent: 11.76470588235294
Toad:      1    Percent: 5.88235294117647
Beacon:    1    Percent: 5.88235294117647
Glider:    3    Percent: 17.647058823529413
Spaceship: 1    Percent: 5.88235294117647
Total:     17

Iteration: 178
Block:     5    Percent: 29.411764705882355
Beehive:   1    Percent: 5.88235294117647
Loaf:      1    Percent: 5.88235294117647
Boat:      1    Percent: 5.88235294117647
Tub:       1    Percent: 5.88235294117647
Blinker:   2    Percent: 11.76470588235294
Toad:      1    Percent: 5.88235294117647
Beacon:    1    Percent: 5.88235294117647
Glider:    3    Percent: 17.647058823529413
Spaceship: 1    Percent: 5.88235294117647
Total:     17

Iteration: 179
Block:     5    Percent: 27.77777777777778
Beehive:   1    Percent: 5.555555555555555
Loaf:      1    Percent: 5.555555555555555
Boat:      1    Percent: 5.555555555555555
Tub:       1    Percent: 5.555555555555555
Blinker:   3    Percent: 16.666666666666664
Toad:      1    Percent: 5.555555555555555
Beacon:    1    Percent: 5.555555555555555
Glider:    3    Percent: 16.666666666666664
Spaceship: 1    Percent: 5.555555555555555
Total:     18

Iteration: 180
Block:     5    Percent: 29.411764705882355
Beehive:   1    Percent: 5.88235294117647
Loaf:      1    Percent: 5.88235294117647
Boat:      1    Percent: 5.88235294117647
Tub:       1    Percent: 5.88235294117647
Blinker:   2    Percent: 11.76470588235294
Toad:      1    Percent: 5.88235294117647
Beacon:    1    Percent: 5.88235294117647
Glider:    3    Percent: 17.647058823529413
Spaceship: 1    Percent: 5.88235294117647
Total:     17

Iteration: 181
Block:     5    Percent: 29.411764705882355
Beehive:   1    Percent: 5.88235294117647
Loaf:      1    Percent: 5.88235294117647
Boat:      1    Percent: 5.88235294117647
Tub:       1    Percent: 5.88235294117647
Blinker:   2    Percent: 11.76470588235294
Toad:      1    Percent: 5.88235294117647
Beacon:    1    Percent: 5.88235294117647
Glider:    3    Percent: 17.647058823529413
Spaceship: 1    Percent: 5.88235294117647
Total:     17

Iteration: 182
Block:     5    Percent: 29.411764705882355
Beehive:   1    Percent: 5.88235294117647
Loaf:      1    Percent: 5.88235294117647
Boat:      1    Percent: 5.88235294117647
Tub:       1    Percent: 5.88235294117647
Blinker:   2    Percent: 11.76470588235294
Toad:      1    Percent: 5.88235294117647
Beacon:    1    Percent: 5.88235294117647
Glider:    3    Percent: 17.647058823529413
Spaceship: 1    Percent: 5.88235294117647
Total:     17

Iteration: 183
Block:     6    Percent: 31.57894736842105
Beehive:   1    Percent: 5.263157894736842
Loaf:      1    Percent: 5.263157894736842
Boat:      1    Percent: 5.263157894736842
Tub:       1    Percent: 5.263157894736842
Blinker:   3    Percent: 15.789473684210526
Toad:      1    Percent: 5.263157894736842
Beacon:    1    Percent: 5.263157894736842
Glider:    3    Percent: 15.789473684210526
Spaceship: 1    Percent: 5.263157894736842
Total:     19

Iteration: 184
Block:     5    Percent: 29.411764705882355
Beehive:   1    Percent: 5.88235294117647
Loaf:      1    Percent: 5.88235294117647
Boat:      1    Percent: 5.88235294117647
Tub:       1    Percent: 5.88235294117647
Blinker:   2    Percent: 11.76470588235294
Toad:      1    Percent: 5.88235294117647
Beacon:    1    Percent: 5.88235294117647
Glider:    3    Percent: 17.647058823529413
Spaceship: 1    Percent: 5.88235294117647
Total:     17

Iteration: 185
Block:     5    Percent: 29.411764705882355
Beehive:   1    Percent: 5.88235294117647
Loaf:      1    Percent: 5.88235294117647
Boat:      1    Percent: 5.88235294117647
Tub:       1    Percent: 5.88235294117647
Blinker:   2    Percent: 11.76470588235294
Toad:      1    Percent: 5.88235294117647
Beacon:    1    Percent: 5.88235294117647
Glider:    3    Percent: 17.647058823529413
Spaceship: 1    Percent: 5.88235294117647
Total:     17

Iteration: 186
Block:     5    Percent: 29.411764705882355
Beehive:   1    Percent: 5.88235294117647
Loaf:      1    Percent: 5.88235294117647
Boat:      1    Percent: 5.88235294117647
Tub:       1    Percent: 5.88235294117647
Blinker:   2    Percent: 11.76470588235294
Toad:      1    Percent: 5.88235294117647
Beacon:    1    Percent: 5.88235294117647
Glider:    3    Percent: 17.647058823529413
Spaceship: 1    Percent: 5.88235294117647
Total:     17

Iteration: 187
Block:     5    Percent: 29.411764705882355
Beehive:   1    Percent: 5.88235294117647
Loaf:      1    Percent: 5.88235294117647
Boat:      1    Percent: 5.88235294117647
Tub:       1    Percent: 5.88235294117647
Blinker:   2    Percent: 11.76470588235294
Toad:      1    Percent: 5.88235294117647
Beacon:    1    Percent: 5.88235294117647
Glider:    3    Percent: 17.647058823529413
Spaceship: 1    Percent: 5.88235294117647
Total:     17

Iteration: 188
Block:     5    Percent: 29.411764705882355
Beehive:   1    Percent: 5.88235294117647
Loaf:      1    Percent: 5.88235294117647
Boat:      1    Percent: 5.88235294117647
Tub:       1    Percent: 5.88235294117647
Blinker:   2    Percent: 11.76470588235294
Toad:      1    Percent: 5.88235294117647
Beacon:    1    Percent: 5.88235294117647
Glider:    3    Percent: 17.647058823529413
Spaceship: 1    Percent: 5.88235294117647
Total:     17

Iteration: 189
Block:     6    Percent: 33.33333333333333
Beehive:   1    Percent: 5.555555555555555
Loaf:      1    Percent: 5.555555555555555
Boat:      1    Percent: 5.555555555555555
Tub:       1    Percent: 5.555555555555555
Blinker:   2    Percent: 11.11111111111111
Toad:      1    Percent: 5.555555555555555
Beacon:    1    Percent: 5.555555555555555
Glider:    3    Percent: 16.666666666666664
Spaceship: 1    Percent: 5.555555555555555
Total:     18

Iteration: 190
Block:     5    Percent: 29.411764705882355
Beehive:   1    Percent: 5.88235294117647
Loaf:      1    Percent: 5.88235294117647
Boat:      1    Percent: 5.88235294117647
Tub:       1    Percent: 5.88235294117647
Blinker:   2    Percent: 11.76470588235294
Toad:      1    Percent: 5.88235294117647
Beacon:    1    Percent: 5.88235294117647
Glider:    3    Percent: 17.647058823529413
Spaceship: 1    Percent: 5.88235294117647
Total:     17

Iteration: 191
Block:     5    Percent: 27.77777777777778
Beehive:   1    Percent: 5.555555555555555
Loaf:      1    Percent: 5.555555555555555
Boat:      1    Percent: 5.555555555555555
Tub:       1    Percent: 5.555555555555555
Blinker:   3    Percent: 16.666666666666664
Toad:      1    Percent: 5.555555555555555
Beacon:    1    Percent: 5.555555555555555
Glider:    3    Percent: 16.666666666666664
Spaceship: 1    Percent: 5.555555555555555
Total:     18

Iteration: 192
Block:     5    Percent: 26.31578947368421
Beehive:   1    Percent: 5.263157894736842
Loaf:      1    Percent: 5.263157894736842
Boat:      1    Percent: 5.263157894736842
Tub:       1    Percent: 5.263157894736842
Blinker:   4    Percent: 21.052631578947366
Toad:      1    Percent: 5.263157894736842
Beacon:    1    Percent: 5.263157894736842
Glider:    3    Percent: 15.789473684210526
Spaceship: 1    Percent: 5.263157894736842
Total:     19

Iteration: 193
Block:     5    Percent: 26.31578947368421
Beehive:   2    Percent: 10.526315789473683
Loaf:      1    Percent: 5.263157894736842
Boat:      1    Percent: 5.263157894736842
Tub:       1    Percent: 5.263157894736842
Blinker:   3    Percent: 15.789473684210526
Toad:      1    Percent: 5.263157894736842
Beacon:    1    Percent: 5.263157894736842
Glider:    3    Percent: 15.789473684210526
Spaceship: 1    Percent: 5.263157894736842
Total:     19

Iteration: 194
Block:     5    Percent: 27.77777777777778
Beehive:   2    Percent: 11.11111111111111
Loaf:      1    Percent: 5.555555555555555
Boat:      1    Percent: 5.555555555555555
Tub:       1    Percent: 5.555555555555555
Blinker:   2    Percent: 11.11111111111111
Toad:      1    Percent: 5.555555555555555
Beacon:    1    Percent: 5.555555555555555
Glider:    3    Percent: 16.666666666666664
Spaceship: 1    Percent: 5.555555555555555
Total:     18

Iteration: 195
Block:     5    Percent: 25.0
Beehive:   2    Percent: 10.0
Loaf:      1    Percent: 5.0
Boat:      1    Percent: 5.0
Tub:       1    Percent: 5.0
Blinker:   4    Percent: 20.0
Toad:      1    Percent: 5.0
Beacon:    1    Percent: 5.0
Glider:    3    Percent: 15.0
Spaceship: 1    Percent: 5.0
Total:     20

Iteration: 196
Block:     5    Percent: 26.31578947368421
Beehive:   2    Percent: 10.526315789473683
Loaf:      1    Percent: 5.263157894736842
Boat:      1    Percent: 5.263157894736842
Tub:       1    Percent: 5.263157894736842
Blinker:   3    Percent: 15.789473684210526
Toad:      1    Percent: 5.263157894736842
Beacon:    1    Percent: 5.263157894736842
Glider:    3    Percent: 15.789473684210526
Spaceship: 1    Percent: 5.263157894736842
Total:     19

Iteration: 197
Block:     5    Percent: 27.77777777777778
Beehive:   2    Percent: 11.11111111111111
Loaf:      1    Percent: 5.555555555555555
Boat:      1    Percent: 5.555555555555555
Tub:       1    Percent: 5.555555555555555
Blinker:   2    Percent: 11.11111111111111
Toad:      1    Percent: 5.555555555555555
Beacon:    1    Percent: 5.555555555555555
Glider:    3    Percent: 16.666666666666664
Spaceship: 1    Percent: 5.555555555555555
Total:     18

Iteration: 198
Block:     5    Percent: 27.77777777777778
Beehive:   2    Percent: 11.11111111111111
Loaf:      1    Percent: 5.555555555555555
Boat:      1    Percent: 5.555555555555555
Tub:       1    Percent: 5.555555555555555
Blinker:   2    Percent: 11.11111111111111
Toad:      1    Percent: 5.555555555555555
Beacon:    1    Percent: 5.555555555555555
Glider:    3    Percent: 16.666666666666664
Spaceship: 1    Percent: 5.555555555555555
Total:     18

Iteration: 199
Block:     5    Percent: 27.77777777777778
Beehive:   2    Percent: 11.11111111111111
Loaf:      1    Percent: 5.555555555555555
Boat:      1    Percent: 5.555555555555555
Tub:       1    Percent: 5.555555555555555
Blinker:   2    Percent: 11.11111111111111
Toad:      1    Percent: 5.555555555555555
Beacon:    1    Percent: 5.555555555555555
Glider:    3    Percent: 16.666666666666664
Spaceship: 1    Percent: 5.555555555555555
Total:     18

Iteration: 200
Block:     5    Percent: 27.77777777777778
Beehive:   2    Percent: 11.11111111111111
Loaf:      1    Percent: 5.555555555555555
Boat:      1    Percent: 5.555555555555555
Tub:       1    Percent: 5.555555555555555
Blinker:   2    Percent: 11.11111111111111
Toad:      1    Percent: 5.555555555555555
Beacon:    1    Percent: 5.555555555555555
Glider:    3    Percent: 16.666666666666664
Spaceship: 1    Percent: 5.555555555555555
Total:     18

