Simulation at 2023-03-05
Universe size 200 x 200

Iteration: 1
Block:     0    Percent: 0.0
Beehive:   0    Percent: 0.0
Loaf:      0    Percent: 0.0
Boat:      0    Percent: 0.0
Tub:       0    Percent: 0.0
Blinker:   0    Percent: 0.0
Toad:      0    Percent: 0.0
Beacon:    0    Percent: 0.0
Glider:    0    Percent: 0.0
Spaceship: 0    Percent: 0.0
Total:     0

Iteration: 2
Block:     0    Percent: 0.0
Beehive:   0    Percent: 0.0
Loaf:      0    Percent: 0.0
Boat:      0    Percent: 0.0
Tub:       0    Percent: 0.0
Blinker:   0    Percent: 0.0
Toad:      0    Percent: 0.0
Beacon:    0    Percent: 0.0
Glider:    0    Percent: 0.0
Spaceship: 0    Percent: 0.0
Total:     0

Iteration: 3
Block:     0    Percent: 0.0
Beehive:   0    Percent: 0.0
Loaf:      0    Percent: 0.0
Boat:      0    Percent: 0.0
Tub:       0    Percent: 0.0
Blinker:   0    Percent: 0.0
Toad:      0    Percent: 0.0
Beacon:    0    Percent: 0.0
Glider:    0    Percent: 0.0
Spaceship: 0    Percent: 0.0
Total:     0

Iteration: 4
Block:     0    Percent: 0.0
Beehive:   0    Percent: 0.0
Loaf:      0    Percent: 0.0
Boat:      0    Percent: 0.0
Tub:       0    Percent: 0.0
Blinker:   0    Percent: 0.0
Toad:      0    Percent: 0.0
Beacon:    0    Percent: 0.0
Glider:    0    Percent: 0.0
Spaceship: 0    Percent: 0.0
Total:     0

Iteration: 5
Block:     0    Percent: 0.0
Beehive:   0    Percent: 0.0
Loaf:      0    Percent: 0.0
Boat:      0    Percent: 0.0
Tub:       0    Percent: 0.0
Blinker:   0    Percent: 0.0
Toad:      0    Percent: 0.0
Beacon:    0    Percent: 0.0
Glider:    0    Percent: 0.0
Spaceship: 0    Percent: 0.0
Total:     0

Iteration: 6
Block:     0    Percent: 0.0
Beehive:   0    Percent: 0.0
Loaf:      0    Percent: 0.0
Boat:      0    Percent: 0.0
Tub:       0    Percent: 0.0
Blinker:   0    Percent: 0.0
Toad:      0    Percent: 0.0
Beacon:    0    Percent: 0.0
Glider:    0    Percent: 0.0
Spaceship: 0    Percent: 0.0
Total:     0

Iteration: 7
Block:     0    Percent: 0.0
Beehive:   0    Percent: 0.0
Loaf:      0    Percent: 0.0
Boat:      0    Percent: 0.0
Tub:       0    Percent: 0.0
Blinker:   0    Percent: 0.0
Toad:      0    Percent: 0.0
Beacon:    0    Percent: 0.0
Glider:    0    Percent: 0.0
Spaceship: 0    Percent: 0.0
Total:     0

Iteration: 8
Block:     0    Percent: 0.0
Beehive:   0    Percent: 0.0
Loaf:      0    Percent: 0.0
Boat:      0    Percent: 0.0
Tub:       0    Percent: 0.0
Blinker:   0    Percent: 0.0
Toad:      0    Percent: 0.0
Beacon:    0    Percent: 0.0
Glider:    0    Percent: 0.0
Spaceship: 0    Percent: 0.0
Total:     0

Iteration: 9
Block:     0    Percent: 0.0
Beehive:   0    Percent: 0.0
Loaf:      0    Percent: 0.0
Boat:      0    Percent: 0.0
Tub:       0    Percent: 0.0
Blinker:   0    Percent: 0.0
Toad:      0    Percent: 0.0
Beacon:    0    Percent: 0.0
Glider:    0    Percent: 0.0
Spaceship: 0    Percent: 0.0
Total:     0

Iteration: 10
Block:     0    Percent: 0.0
Beehive:   0    Percent: 0.0
Loaf:      0    Percent: 0.0
Boat:      0    Percent: 0.0
Tub:       0    Percent: 0.0
Blinker:   1    Percent: 100.0
Toad:      0    Percent: 0.0
Beacon:    0    Percent: 0.0
Glider:    0    Percent: 0.0
Spaceship: 0    Percent: 0.0
Total:     1

Iteration: 11
Block:     0    Percent: 0.0
Beehive:   0    Percent: 0.0
Loaf:      0    Percent: 0.0
Boat:      0    Percent: 0.0
Tub:       0    Percent: 0.0
Blinker:   0    Percent: 0.0
Toad:      0    Percent: 0.0
Beacon:    0    Percent: 0.0
Glider:    0    Percent: 0.0
Spaceship: 0    Percent: 0.0
Total:     0

Iteration: 12
Block:     0    Percent: 0.0
Beehive:   0    Percent: 0.0
Loaf:      0    Percent: 0.0
Boat:      0    Percent: 0.0
Tub:       0    Percent: 0.0
Blinker:   0    Percent: 0.0
Toad:      0    Percent: 0.0
Beacon:    0    Percent: 0.0
Glider:    0    Percent: 0.0
Spaceship: 0    Percent: 0.0
Total:     0

Iteration: 13
Block:     0    Percent: 0.0
Beehive:   0    Percent: 0.0
Loaf:      0    Percent: 0.0
Boat:      0    Percent: 0.0
Tub:       0    Percent: 0.0
Blinker:   0    Percent: 0.0
Toad:      0    Percent: 0.0
Beacon:    0    Percent: 0.0
Glider:    0    Percent: 0.0
Spaceship: 0    Percent: 0.0
Total:     0

Iteration: 14
Block:     0    Percent: 0.0
Beehive:   0    Percent: 0.0
Loaf:      0    Percent: 0.0
Boat:      0    Percent: 0.0
Tub:       0    Percent: 0.0
Blinker:   0    Percent: 0.0
Toad:      0    Percent: 0.0
Beacon:    0    Percent: 0.0
Glider:    0    Percent: 0.0
Spaceship: 0    Percent: 0.0
Total:     0

Iteration: 15
Block:     0    Percent: 0.0
Beehive:   0    Percent: 0.0
Loaf:      0    Percent: 0.0
Boat:      0    Percent: 0.0
Tub:       0    Percent: 0.0
Blinker:   0    Percent: 0.0
Toad:      0    Percent: 0.0
Beacon:    0    Percent: 0.0
Glider:    0    Percent: 0.0
Spaceship: 0    Percent: 0.0
Total:     0

Iteration: 16
Block:     0    Percent: 0.0
Beehive:   0    Percent: 0.0
Loaf:      0    Percent: 0.0
Boat:      0    Percent: 0.0
Tub:       0    Percent: 0.0
Blinker:   0    Percent: 0.0
Toad:      0    Percent: 0.0
Beacon:    0    Percent: 0.0
Glider:    0    Percent: 0.0
Spaceship: 0    Percent: 0.0
Total:     0

Iteration: 17
Block:     0    Percent: 0.0
Beehive:   0    Percent: 0.0
Loaf:      0    Percent: 0.0
Boat:      0    Percent: 0.0
Tub:       0    Percent: 0.0
Blinker:   0    Percent: 0.0
Toad:      0    Percent: 0.0
Beacon:    0    Percent: 0.0
Glider:    0    Percent: 0.0
Spaceship: 0    Percent: 0.0
Total:     0

Iteration: 18
Block:     0    Percent: 0.0
Beehive:   0    Percent: 0.0
Loaf:      0    Percent: 0.0
Boat:      0    Percent: 0.0
Tub:       0    Percent: 0.0
Blinker:   0    Percent: 0.0
Toad:      0    Percent: 0.0
Beacon:    0    Percent: 0.0
Glider:    0    Percent: 0.0
Spaceship: 0    Percent: 0.0
Total:     0

Iteration: 19
Block:     0    Percent: 0.0
Beehive:   0    Percent: 0.0
Loaf:      0    Percent: 0.0
Boat:      0    Percent: 0.0
Tub:       0    Percent: 0.0
Blinker:   0    Percent: 0.0
Toad:      0    Percent: 0.0
Beacon:    0    Percent: 0.0
Glider:    0    Percent: 0.0
Spaceship: 0    Percent: 0.0
Total:     0

Iteration: 20
Block:     0    Percent: 0.0
Beehive:   0    Percent: 0.0
Loaf:      0    Percent: 0.0
Boat:      0    Percent: 0.0
Tub:       0    Percent: 0.0
Blinker:   0    Percent: 0.0
Toad:      0    Percent: 0.0
Beacon:    0    Percent: 0.0
Glider:    0    Percent: 0.0
Spaceship: 0    Percent: 0.0
Total:     0

Iteration: 21
Block:     0    Percent: 0.0
Beehive:   0    Percent: 0.0
Loaf:      0    Percent: 0.0
Boat:      0    Percent: 0.0
Tub:       0    Percent: 0.0
Blinker:   0    Percent: 0.0
Toad:      0    Percent: 0.0
Beacon:    0    Percent: 0.0
Glider:    0    Percent: 0.0
Spaceship: 0    Percent: 0.0
Total:     0

Iteration: 22
Block:     0    Percent: 0.0
Beehive:   0    Percent: 0.0
Loaf:      0    Percent: 0.0
Boat:      0    Percent: 0.0
Tub:       0    Percent: 0.0
Blinker:   0    Percent: 0.0
Toad:      0    Percent: 0.0
Beacon:    0    Percent: 0.0
Glider:    0    Percent: 0.0
Spaceship: 0    Percent: 0.0
Total:     0

Iteration: 23
Block:     0    Percent: 0.0
Beehive:   0    Percent: 0.0
Loaf:      0    Percent: 0.0
Boat:      0    Percent: 0.0
Tub:       0    Percent: 0.0
Blinker:   1    Percent: 100.0
Toad:      0    Percent: 0.0
Beacon:    0    Percent: 0.0
Glider:    0    Percent: 0.0
Spaceship: 0    Percent: 0.0
Total:     1

Iteration: 24
Block:     0    Percent: 0.0
Beehive:   0    Percent: 0.0
Loaf:      0    Percent: 0.0
Boat:      0    Percent: 0.0
Tub:       0    Percent: 0.0
Blinker:   1    Percent: 100.0
Toad:      0    Percent: 0.0
Beacon:    0    Percent: 0.0
Glider:    0    Percent: 0.0
Spaceship: 0    Percent: 0.0
Total:     1

Iteration: 25
Block:     0    Percent: 0.0
Beehive:   0    Percent: 0.0
Loaf:      0    Percent: 0.0
Boat:      0    Percent: 0.0
Tub:       0    Percent: 0.0
Blinker:   0    Percent: 0.0
Toad:      0    Percent: 0.0
Beacon:    0    Percent: 0.0
Glider:    0    Percent: 0.0
Spaceship: 0    Percent: 0.0
Total:     0

Iteration: 26
Block:     0    Percent: 0.0
Beehive:   0    Percent: 0.0
Loaf:      0    Percent: 0.0
Boat:      0    Percent: 0.0
Tub:       0    Percent: 0.0
Blinker:   0    Percent: 0.0
Toad:      0    Percent: 0.0
Beacon:    0    Percent: 0.0
Glider:    0    Percent: 0.0
Spaceship: 0    Percent: 0.0
Total:     0

Iteration: 27
Block:     0    Percent: 0.0
Beehive:   0    Percent: 0.0
Loaf:      0    Percent: 0.0
Boat:      0    Percent: 0.0
Tub:       0    Percent: 0.0
Blinker:   0    Percent: 0.0
Toad:      0    Percent: 0.0
Beacon:    0    Percent: 0.0
Glider:    0    Percent: 0.0
Spaceship: 0    Percent: 0.0
Total:     0

Iteration: 28
Block:     0    Percent: 0.0
Beehive:   0    Percent: 0.0
Loaf:      0    Percent: 0.0
Boat:      0    Percent: 0.0
Tub:       0    Percent: 0.0
Blinker:   0    Percent: 0.0
Toad:      0    Percent: 0.0
Beacon:    0    Percent: 0.0
Glider:    0    Percent: 0.0
Spaceship: 0    Percent: 0.0
Total:     0

Iteration: 29
Block:     0    Percent: 0.0
Beehive:   0    Percent: 0.0
Loaf:      0    Percent: 0.0
Boat:      0    Percent: 0.0
Tub:       0    Percent: 0.0
Blinker:   0    Percent: 0.0
Toad:      0    Percent: 0.0
Beacon:    0    Percent: 0.0
Glider:    0    Percent: 0.0
Spaceship: 0    Percent: 0.0
Total:     0

Iteration: 30
Block:     0    Percent: 0.0
Beehive:   0    Percent: 0.0
Loaf:      0    Percent: 0.0
Boat:      0    Percent: 0.0
Tub:       0    Percent: 0.0
Blinker:   0    Percent: 0.0
Toad:      0    Percent: 0.0
Beacon:    0    Percent: 0.0
Glider:    0    Percent: 0.0
Spaceship: 0    Percent: 0.0
Total:     0

Iteration: 31
Block:     0    Percent: 0.0
Beehive:   0    Percent: 0.0
Loaf:      0    Percent: 0.0
Boat:      0    Percent: 0.0
Tub:       0    Percent: 0.0
Blinker:   0    Percent: 0.0
Toad:      0    Percent: 0.0
Beacon:    0    Percent: 0.0
Glider:    0    Percent: 0.0
Spaceship: 0    Percent: 0.0
Total:     0

Iteration: 32
Block:     0    Percent: 0.0
Beehive:   0    Percent: 0.0
Loaf:      0    Percent: 0.0
Boat:      0    Percent: 0.0
Tub:       0    Percent: 0.0
Blinker:   0    Percent: 0.0
Toad:      0    Percent: 0.0
Beacon:    0    Percent: 0.0
Glider:    0    Percent: 0.0
Spaceship: 0    Percent: 0.0
Total:     0

Iteration: 33
Block:     0    Percent: 0.0
Beehive:   0    Percent: 0.0
Loaf:      0    Percent: 0.0
Boat:      0    Percent: 0.0
Tub:       0    Percent: 0.0
Blinker:   0    Percent: 0.0
Toad:      0    Percent: 0.0
Beacon:    0    Percent: 0.0
Glider:    0    Percent: 0.0
Spaceship: 0    Percent: 0.0
Total:     0

Iteration: 34
Block:     0    Percent: 0.0
Beehive:   0    Percent: 0.0
Loaf:      0    Percent: 0.0
Boat:      0    Percent: 0.0
Tub:       0    Percent: 0.0
Blinker:   0    Percent: 0.0
Toad:      0    Percent: 0.0
Beacon:    0    Percent: 0.0
Glider:    0    Percent: 0.0
Spaceship: 0    Percent: 0.0
Total:     0

Iteration: 35
Block:     0    Percent: 0.0
Beehive:   0    Percent: 0.0
Loaf:      0    Percent: 0.0
Boat:      0    Percent: 0.0
Tub:       0    Percent: 0.0
Blinker:   0    Percent: 0.0
Toad:      0    Percent: 0.0
Beacon:    0    Percent: 0.0
Glider:    0    Percent: 0.0
Spaceship: 0    Percent: 0.0
Total:     0

Iteration: 36
Block:     0    Percent: 0.0
Beehive:   0    Percent: 0.0
Loaf:      0    Percent: 0.0
Boat:      0    Percent: 0.0
Tub:       0    Percent: 0.0
Blinker:   1    Percent: 100.0
Toad:      0    Percent: 0.0
Beacon:    0    Percent: 0.0
Glider:    0    Percent: 0.0
Spaceship: 0    Percent: 0.0
Total:     1

Iteration: 37
Block:     0    Percent: 0.0
Beehive:   0    Percent: 0.0
Loaf:      0    Percent: 0.0
Boat:      0    Percent: 0.0
Tub:       0    Percent: 0.0
Blinker:   0    Percent: 0.0
Toad:      0    Percent: 0.0
Beacon:    0    Percent: 0.0
Glider:    0    Percent: 0.0
Spaceship: 0    Percent: 0.0
Total:     0

Iteration: 38
Block:     1    Percent: 50.0
Beehive:   0    Percent: 0.0
Loaf:      0    Percent: 0.0
Boat:      0    Percent: 0.0
Tub:       0    Percent: 0.0
Blinker:   1    Percent: 50.0
Toad:      0    Percent: 0.0
Beacon:    0    Percent: 0.0
Glider:    0    Percent: 0.0
Spaceship: 0    Percent: 0.0
Total:     2

Iteration: 39
Block:     0    Percent: 0.0
Beehive:   0    Percent: 0.0
Loaf:      0    Percent: 0.0
Boat:      0    Percent: 0.0
Tub:       0    Percent: 0.0
Blinker:   0    Percent: 0.0
Toad:      0    Percent: 0.0
Beacon:    0    Percent: 0.0
Glider:    0    Percent: 0.0
Spaceship: 0    Percent: 0.0
Total:     0

Iteration: 40
Block:     0    Percent: 0.0
Beehive:   0    Percent: 0.0
Loaf:      0    Percent: 0.0
Boat:      0    Percent: 0.0
Tub:       0    Percent: 0.0
Blinker:   0    Percent: 0.0
Toad:      0    Percent: 0.0
Beacon:    0    Percent: 0.0
Glider:    0    Percent: 0.0
Spaceship: 0    Percent: 0.0
Total:     0

Iteration: 41
Block:     0    Percent: 0.0
Beehive:   0    Percent: 0.0
Loaf:      0    Percent: 0.0
Boat:      0    Percent: 0.0
Tub:       0    Percent: 0.0
Blinker:   0    Percent: 0.0
Toad:      0    Percent: 0.0
Beacon:    0    Percent: 0.0
Glider:    0    Percent: 0.0
Spaceship: 0    Percent: 0.0
Total:     0

Iteration: 42
Block:     0    Percent: 0.0
Beehive:   0    Percent: 0.0
Loaf:      0    Percent: 0.0
Boat:      0    Percent: 0.0
Tub:       0    Percent: 0.0
Blinker:   0    Percent: 0.0
Toad:      0    Percent: 0.0
Beacon:    0    Percent: 0.0
Glider:    0    Percent: 0.0
Spaceship: 0    Percent: 0.0
Total:     0

Iteration: 43
Block:     0    Percent: 0.0
Beehive:   0    Percent: 0.0
Loaf:      0    Percent: 0.0
Boat:      0    Percent: 0.0
Tub:       0    Percent: 0.0
Blinker:   0    Percent: 0.0
Toad:      0    Percent: 0.0
Beacon:    0    Percent: 0.0
Glider:    0    Percent: 0.0
Spaceship: 0    Percent: 0.0
Total:     0

Iteration: 44
Block:     1    Percent: 50.0
Beehive:   0    Percent: 0.0
Loaf:      0    Percent: 0.0
Boat:      0    Percent: 0.0
Tub:       0    Percent: 0.0
Blinker:   1    Percent: 50.0
Toad:      0    Percent: 0.0
Beacon:    0    Percent: 0.0
Glider:    0    Percent: 0.0
Spaceship: 0    Percent: 0.0
Total:     2

Iteration: 45
Block:     1    Percent: 100.0
Beehive:   0    Percent: 0.0
Loaf:      0    Percent: 0.0
Boat:      0    Percent: 0.0
Tub:       0    Percent: 0.0
Blinker:   0    Percent: 0.0
Toad:      0    Percent: 0.0
Beacon:    0    Percent: 0.0
Glider:    0    Percent: 0.0
Spaceship: 0    Percent: 0.0
Total:     1

Iteration: 46
Block:     1    Percent: 100.0
Beehive:   0    Percent: 0.0
Loaf:      0    Percent: 0.0
Boat:      0    Percent: 0.0
Tub:       0    Percent: 0.0
Blinker:   0    Percent: 0.0
Toad:      0    Percent: 0.0
Beacon:    0    Percent: 0.0
Glider:    0    Percent: 0.0
Spaceship: 0    Percent: 0.0
Total:     1

Iteration: 47
Block:     1    Percent: 50.0
Beehive:   0    Percent: 0.0
Loaf:      0    Percent: 0.0
Boat:      0    Percent: 0.0
Tub:       0    Percent: 0.0
Blinker:   1    Percent: 50.0
Toad:      0    Percent: 0.0
Beacon:    0    Percent: 0.0
Glider:    0    Percent: 0.0
Spaceship: 0    Percent: 0.0
Total:     2

Iteration: 48
Block:     1    Percent: 100.0
Beehive:   0    Percent: 0.0
Loaf:      0    Percent: 0.0
Boat:      0    Percent: 0.0
Tub:       0    Percent: 0.0
Blinker:   0    Percent: 0.0
Toad:      0    Percent: 0.0
Beacon:    0    Percent: 0.0
Glider:    0    Percent: 0.0
Spaceship: 0    Percent: 0.0
Total:     1

Iteration: 49
Block:     1    Percent: 100.0
Beehive:   0    Percent: 0.0
Loaf:      0    Percent: 0.0
Boat:      0    Percent: 0.0
Tub:       0    Percent: 0.0
Blinker:   0    Percent: 0.0
Toad:      0    Percent: 0.0
Beacon:    0    Percent: 0.0
Glider:    0    Percent: 0.0
Spaceship: 0    Percent: 0.0
Total:     1

Iteration: 50
Block:     1    Percent: 100.0
Beehive:   0    Percent: 0.0
Loaf:      0    Percent: 0.0
Boat:      0    Percent: 0.0
Tub:       0    Percent: 0.0
Blinker:   0    Percent: 0.0
Toad:      0    Percent: 0.0
Beacon:    0    Percent: 0.0
Glider:    0    Percent: 0.0
Spaceship: 0    Percent: 0.0
Total:     1

Iteration: 51
Block:     1    Percent: 33.33333333333333
Beehive:   0    Percent: 0.0
Loaf:      0    Percent: 0.0
Boat:      0    Percent: 0.0
Tub:       0    Percent: 0.0
Blinker:   2    Percent: 66.66666666666666
Toad:      0    Percent: 0.0
Beacon:    0    Percent: 0.0
Glider:    0    Percent: 0.0
Spaceship: 0    Percent: 0.0
Total:     3

Iteration: 52
Block:     1    Percent: 20.0
Beehive:   0    Percent: 0.0
Loaf:      0    Percent: 0.0
Boat:      0    Percent: 0.0
Tub:       1    Percent: 20.0
Blinker:   3    Percent: 60.0
Toad:      0    Percent: 0.0
Beacon:    0    Percent: 0.0
Glider:    0    Percent: 0.0
Spaceship: 0    Percent: 0.0
Total:     5

Iteration: 53
Block:     1    Percent: 25.0
Beehive:   0    Percent: 0.0
Loaf:      0    Percent: 0.0
Boat:      0    Percent: 0.0
Tub:       1    Percent: 25.0
Blinker:   2    Percent: 50.0
Toad:      0    Percent: 0.0
Beacon:    0    Percent: 0.0
Glider:    0    Percent: 0.0
Spaceship: 0    Percent: 0.0
Total:     4

Iteration: 54
Block:     1    Percent: 33.33333333333333
Beehive:   0    Percent: 0.0
Loaf:      0    Percent: 0.0
Boat:      0    Percent: 0.0
Tub:       0    Percent: 0.0
Blinker:   2    Percent: 66.66666666666666
Toad:      0    Percent: 0.0
Beacon:    0    Percent: 0.0
Glider:    0    Percent: 0.0
Spaceship: 0    Percent: 0.0
Total:     3

Iteration: 55
Block:     1    Percent: 33.33333333333333
Beehive:   0    Percent: 0.0
Loaf:      0    Percent: 0.0
Boat:      0    Percent: 0.0
Tub:       0    Percent: 0.0
Blinker:   2    Percent: 66.66666666666666
Toad:      0    Percent: 0.0
Beacon:    0    Percent: 0.0
Glider:    0    Percent: 0.0
Spaceship: 0    Percent: 0.0
Total:     3

Iteration: 56
Block:     1    Percent: 16.666666666666664
Beehive:   0    Percent: 0.0
Loaf:      0    Percent: 0.0
Boat:      0    Percent: 0.0
Tub:       0    Percent: 0.0
Blinker:   5    Percent: 83.33333333333334
Toad:      0    Percent: 0.0
Beacon:    0    Percent: 0.0
Glider:    0    Percent: 0.0
Spaceship: 0    Percent: 0.0
Total:     6

Iteration: 57
Block:     1    Percent: 33.33333333333333
Beehive:   0    Percent: 0.0
Loaf:      0    Percent: 0.0
Boat:      0    Percent: 0.0
Tub:       0    Percent: 0.0
Blinker:   2    Percent: 66.66666666666666
Toad:      0    Percent: 0.0
Beacon:    0    Percent: 0.0
Glider:    0    Percent: 0.0
Spaceship: 0    Percent: 0.0
Total:     3

Iteration: 58
Block:     1    Percent: 33.33333333333333
Beehive:   0    Percent: 0.0
Loaf:      0    Percent: 0.0
Boat:      0    Percent: 0.0
Tub:       0    Percent: 0.0
Blinker:   2    Percent: 66.66666666666666
Toad:      0    Percent: 0.0
Beacon:    0    Percent: 0.0
Glider:    0    Percent: 0.0
Spaceship: 0    Percent: 0.0
Total:     3

Iteration: 59
Block:     1    Percent: 20.0
Beehive:   0    Percent: 0.0
Loaf:      0    Percent: 0.0
Boat:      0    Percent: 0.0
Tub:       0    Percent: 0.0
Blinker:   4    Percent: 80.0
Toad:      0    Percent: 0.0
Beacon:    0    Percent: 0.0
Glider:    0    Percent: 0.0
Spaceship: 0    Percent: 0.0
Total:     5

Iteration: 60
Block:     2    Percent: 50.0
Beehive:   0    Percent: 0.0
Loaf:      0    Percent: 0.0
Boat:      0    Percent: 0.0
Tub:       0    Percent: 0.0
Blinker:   2    Percent: 50.0
Toad:      0    Percent: 0.0
Beacon:    0    Percent: 0.0
Glider:    0    Percent: 0.0
Spaceship: 0    Percent: 0.0
Total:     4

Iteration: 61
Block:     1    Percent: 33.33333333333333
Beehive:   0    Percent: 0.0
Loaf:      0    Percent: 0.0
Boat:      0    Percent: 0.0
Tub:       0    Percent: 0.0
Blinker:   2    Percent: 66.66666666666666
Toad:      0    Percent: 0.0
Beacon:    0    Percent: 0.0
Glider:    0    Percent: 0.0
Spaceship: 0    Percent: 0.0
Total:     3

Iteration: 62
Block:     1    Percent: 50.0
Beehive:   0    Percent: 0.0
Loaf:      0    Percent: 0.0
Boat:      0    Percent: 0.0
Tub:       0    Percent: 0.0
Blinker:   1    Percent: 50.0
Toad:      0    Percent: 0.0
Beacon:    0    Percent: 0.0
Glider:    0    Percent: 0.0
Spaceship: 0    Percent: 0.0
Total:     2

Iteration: 63
Block:     1    Percent: 50.0
Beehive:   0    Percent: 0.0
Loaf:      0    Percent: 0.0
Boat:      0    Percent: 0.0
Tub:       0    Percent: 0.0
Blinker:   1    Percent: 50.0
Toad:      0    Percent: 0.0
Beacon:    0    Percent: 0.0
Glider:    0    Percent: 0.0
Spaceship: 0    Percent: 0.0
Total:     2

Iteration: 64
Block:     1    Percent: 33.33333333333333
Beehive:   0    Percent: 0.0
Loaf:      0    Percent: 0.0
Boat:      0    Percent: 0.0
Tub:       0    Percent: 0.0
Blinker:   2    Percent: 66.66666666666666
Toad:      0    Percent: 0.0
Beacon:    0    Percent: 0.0
Glider:    0    Percent: 0.0
Spaceship: 0    Percent: 0.0
Total:     3

Iteration: 65
Block:     2    Percent: 66.66666666666666
Beehive:   0    Percent: 0.0
Loaf:      0    Percent: 0.0
Boat:      0    Percent: 0.0
Tub:       0    Percent: 0.0
Blinker:   1    Percent: 33.33333333333333
Toad:      0    Percent: 0.0
Beacon:    0    Percent: 0.0
Glider:    0    Percent: 0.0
Spaceship: 0    Percent: 0.0
Total:     3

Iteration: 66
Block:     1    Percent: 50.0
Beehive:   0    Percent: 0.0
Loaf:      0    Percent: 0.0
Boat:      0    Percent: 0.0
Tub:       0    Percent: 0.0
Blinker:   1    Percent: 50.0
Toad:      0    Percent: 0.0
Beacon:    0    Percent: 0.0
Glider:    0    Percent: 0.0
Spaceship: 0    Percent: 0.0
Total:     2

Iteration: 67
Block:     1    Percent: 50.0
Beehive:   0    Percent: 0.0
Loaf:      0    Percent: 0.0
Boat:      0    Percent: 0.0
Tub:       0    Percent: 0.0
Blinker:   1    Percent: 50.0
Toad:      0    Percent: 0.0
Beacon:    0    Percent: 0.0
Glider:    0    Percent: 0.0
Spaceship: 0    Percent: 0.0
Total:     2

Iteration: 68
Block:     1    Percent: 50.0
Beehive:   0    Percent: 0.0
Loaf:      0    Percent: 0.0
Boat:      0    Percent: 0.0
Tub:       0    Percent: 0.0
Blinker:   1    Percent: 50.0
Toad:      0    Percent: 0.0
Beacon:    0    Percent: 0.0
Glider:    0    Percent: 0.0
Spaceship: 0    Percent: 0.0
Total:     2

Iteration: 69
Block:     2    Percent: 66.66666666666666
Beehive:   0    Percent: 0.0
Loaf:      0    Percent: 0.0
Boat:      0    Percent: 0.0
Tub:       0    Percent: 0.0
Blinker:   1    Percent: 33.33333333333333
Toad:      0    Percent: 0.0
Beacon:    0    Percent: 0.0
Glider:    0    Percent: 0.0
Spaceship: 0    Percent: 0.0
Total:     3

Iteration: 70
Block:     3    Percent: 75.0
Beehive:   0    Percent: 0.0
Loaf:      0    Percent: 0.0
Boat:      0    Percent: 0.0
Tub:       0    Percent: 0.0
Blinker:   1    Percent: 25.0
Toad:      0    Percent: 0.0
Beacon:    0    Percent: 0.0
Glider:    0    Percent: 0.0
Spaceship: 0    Percent: 0.0
Total:     4

Iteration: 71
Block:     4    Percent: 66.66666666666666
Beehive:   0    Percent: 0.0
Loaf:      0    Percent: 0.0
Boat:      0    Percent: 0.0
Tub:       0    Percent: 0.0
Blinker:   2    Percent: 33.33333333333333
Toad:      0    Percent: 0.0
Beacon:    0    Percent: 0.0
Glider:    0    Percent: 0.0
Spaceship: 0    Percent: 0.0
Total:     6

Iteration: 72
Block:     3    Percent: 75.0
Beehive:   0    Percent: 0.0
Loaf:      0    Percent: 0.0
Boat:      0    Percent: 0.0
Tub:       0    Percent: 0.0
Blinker:   1    Percent: 25.0
Toad:      0    Percent: 0.0
Beacon:    0    Percent: 0.0
Glider:    0    Percent: 0.0
Spaceship: 0    Percent: 0.0
Total:     4

Iteration: 73
Block:     3    Percent: 75.0
Beehive:   0    Percent: 0.0
Loaf:      0    Percent: 0.0
Boat:      0    Percent: 0.0
Tub:       0    Percent: 0.0
Blinker:   1    Percent: 25.0
Toad:      0    Percent: 0.0
Beacon:    0    Percent: 0.0
Glider:    0    Percent: 0.0
Spaceship: 0    Percent: 0.0
Total:     4

Iteration: 74
Block:     3    Percent: 75.0
Beehive:   0    Percent: 0.0
Loaf:      0    Percent: 0.0
Boat:      0    Percent: 0.0
Tub:       0    Percent: 0.0
Blinker:   1    Percent: 25.0
Toad:      0    Percent: 0.0
Beacon:    0    Percent: 0.0
Glider:    0    Percent: 0.0
Spaceship: 0    Percent: 0.0
Total:     4

Iteration: 75
Block:     4    Percent: 66.66666666666666
Beehive:   0    Percent: 0.0
Loaf:      0    Percent: 0.0
Boat:      0    Percent: 0.0
Tub:       0    Percent: 0.0
Blinker:   2    Percent: 33.33333333333333
Toad:      0    Percent: 0.0
Beacon:    0    Percent: 0.0
Glider:    0    Percent: 0.0
Spaceship: 0    Percent: 0.0
Total:     6

Iteration: 76
Block:     3    Percent: 75.0
Beehive:   0    Percent: 0.0
Loaf:      0    Percent: 0.0
Boat:      0    Percent: 0.0
Tub:       0    Percent: 0.0
Blinker:   1    Percent: 25.0
Toad:      0    Percent: 0.0
Beacon:    0    Percent: 0.0
Glider:    0    Percent: 0.0
Spaceship: 0    Percent: 0.0
Total:     4

Iteration: 77
Block:     3    Percent: 60.0
Beehive:   0    Percent: 0.0
Loaf:      0    Percent: 0.0
Boat:      0    Percent: 0.0
Tub:       0    Percent: 0.0
Blinker:   2    Percent: 40.0
Toad:      0    Percent: 0.0
Beacon:    0    Percent: 0.0
Glider:    0    Percent: 0.0
Spaceship: 0    Percent: 0.0
Total:     5

Iteration: 78
Block:     3    Percent: 75.0
Beehive:   0    Percent: 0.0
Loaf:      0    Percent: 0.0
Boat:      0    Percent: 0.0
Tub:       0    Percent: 0.0
Blinker:   1    Percent: 25.0
Toad:      0    Percent: 0.0
Beacon:    0    Percent: 0.0
Glider:    0    Percent: 0.0
Spaceship: 0    Percent: 0.0
Total:     4

Iteration: 79
Block:     3    Percent: 75.0
Beehive:   0    Percent: 0.0
Loaf:      0    Percent: 0.0
Boat:      0    Percent: 0.0
Tub:       0    Percent: 0.0
Blinker:   1    Percent: 25.0
Toad:      0    Percent: 0.0
Beacon:    0    Percent: 0.0
Glider:    0    Percent: 0.0
Spaceship: 0    Percent: 0.0
Total:     4

Iteration: 80
Block:     3    Percent: 75.0
Beehive:   0    Percent: 0.0
Loaf:      0    Percent: 0.0
Boat:      0    Percent: 0.0
Tub:       0    Percent: 0.0
Blinker:   1    Percent: 25.0
Toad:      0    Percent: 0.0
Beacon:    0    Percent: 0.0
Glider:    0    Percent: 0.0
Spaceship: 0    Percent: 0.0
Total:     4

Iteration: 81
Block:     3    Percent: 60.0
Beehive:   0    Percent: 0.0
Loaf:      0    Percent: 0.0
Boat:      0    Percent: 0.0
Tub:       0    Percent: 0.0
Blinker:   2    Percent: 40.0
Toad:      0    Percent: 0.0
Beacon:    0    Percent: 0.0
Glider:    0    Percent: 0.0
Spaceship: 0    Percent: 0.0
Total:     5

Iteration: 82
Block:     3    Percent: 75.0
Beehive:   0    Percent: 0.0
Loaf:      0    Percent: 0.0
Boat:      0    Percent: 0.0
Tub:       0    Percent: 0.0
Blinker:   1    Percent: 25.0
Toad:      0    Percent: 0.0
Beacon:    0    Percent: 0.0
Glider:    0    Percent: 0.0
Spaceship: 0    Percent: 0.0
Total:     4

Iteration: 83
Block:     3    Percent: 75.0
Beehive:   0    Percent: 0.0
Loaf:      0    Percent: 0.0
Boat:      0    Percent: 0.0
Tub:       0    Percent: 0.0
Blinker:   1    Percent: 25.0
Toad:      0    Percent: 0.0
Beacon:    0    Percent: 0.0
Glider:    0    Percent: 0.0
Spaceship: 0    Percent: 0.0
Total:     4

Iteration: 84
Block:     3    Percent: 75.0
Beehive:   0    Percent: 0.0
Loaf:      0    Percent: 0.0
Boat:      0    Percent: 0.0
Tub:       0    Percent: 0.0
Blinker:   1    Percent: 25.0
Toad:      0    Percent: 0.0
Beacon:    0    Percent: 0.0
Glider:    0    Percent: 0.0
Spaceship: 0    Percent: 0.0
Total:     4

Iteration: 85
Block:     3    Percent: 75.0
Beehive:   0    Percent: 0.0
Loaf:      0    Percent: 0.0
Boat:      0    Percent: 0.0
Tub:       0    Percent: 0.0
Blinker:   1    Percent: 25.0
Toad:      0    Percent: 0.0
Beacon:    0    Percent: 0.0
Glider:    0    Percent: 0.0
Spaceship: 0    Percent: 0.0
Total:     4

Iteration: 86
Block:     4    Percent: 80.0
Beehive:   0    Percent: 0.0
Loaf:      0    Percent: 0.0
Boat:      0    Percent: 0.0
Tub:       0    Percent: 0.0
Blinker:   1    Percent: 20.0
Toad:      0    Percent: 0.0
Beacon:    0    Percent: 0.0
Glider:    0    Percent: 0.0
Spaceship: 0    Percent: 0.0
Total:     5

Iteration: 87
Block:     4    Percent: 80.0
Beehive:   0    Percent: 0.0
Loaf:      0    Percent: 0.0
Boat:      0    Percent: 0.0
Tub:       0    Percent: 0.0
Blinker:   1    Percent: 20.0
Toad:      0    Percent: 0.0
Beacon:    0    Percent: 0.0
Glider:    0    Percent: 0.0
Spaceship: 0    Percent: 0.0
Total:     5

Iteration: 88
Block:     4    Percent: 80.0
Beehive:   0    Percent: 0.0
Loaf:      0    Percent: 0.0
Boat:      0    Percent: 0.0
Tub:       0    Percent: 0.0
Blinker:   1    Percent: 20.0
Toad:      0    Percent: 0.0
Beacon:    0    Percent: 0.0
Glider:    0    Percent: 0.0
Spaceship: 0    Percent: 0.0
Total:     5

Iteration: 89
Block:     4    Percent: 80.0
Beehive:   0    Percent: 0.0
Loaf:      0    Percent: 0.0
Boat:      0    Percent: 0.0
Tub:       0    Percent: 0.0
Blinker:   1    Percent: 20.0
Toad:      0    Percent: 0.0
Beacon:    0    Percent: 0.0
Glider:    0    Percent: 0.0
Spaceship: 0    Percent: 0.0
Total:     5

Iteration: 90
Block:     4    Percent: 80.0
Beehive:   0    Percent: 0.0
Loaf:      0    Percent: 0.0
Boat:      0    Percent: 0.0
Tub:       0    Percent: 0.0
Blinker:   1    Percent: 20.0
Toad:      0    Percent: 0.0
Beacon:    0    Percent: 0.0
Glider:    0    Percent: 0.0
Spaceship: 0    Percent: 0.0
Total:     5

Iteration: 91
Block:     4    Percent: 80.0
Beehive:   0    Percent: 0.0
Loaf:      0    Percent: 0.0
Boat:      0    Percent: 0.0
Tub:       0    Percent: 0.0
Blinker:   1    Percent: 20.0
Toad:      0    Percent: 0.0
Beacon:    0    Percent: 0.0
Glider:    0    Percent: 0.0
Spaceship: 0    Percent: 0.0
Total:     5

Iteration: 92
Block:     4    Percent: 80.0
Beehive:   0    Percent: 0.0
Loaf:      0    Percent: 0.0
Boat:      0    Percent: 0.0
Tub:       0    Percent: 0.0
Blinker:   1    Percent: 20.0
Toad:      0    Percent: 0.0
Beacon:    0    Percent: 0.0
Glider:    0    Percent: 0.0
Spaceship: 0    Percent: 0.0
Total:     5

Iteration: 93
Block:     5    Percent: 83.33333333333334
Beehive:   0    Percent: 0.0
Loaf:      0    Percent: 0.0
Boat:      0    Percent: 0.0
Tub:       0    Percent: 0.0
Blinker:   1    Percent: 16.666666666666664
Toad:      0    Percent: 0.0
Beacon:    0    Percent: 0.0
Glider:    0    Percent: 0.0
Spaceship: 0    Percent: 0.0
Total:     6

Iteration: 94
Block:     4    Percent: 66.66666666666666
Beehive:   0    Percent: 0.0
Loaf:      0    Percent: 0.0
Boat:      0    Percent: 0.0
Tub:       0    Percent: 0.0
Blinker:   2    Percent: 33.33333333333333
Toad:      0    Percent: 0.0
Beacon:    0    Percent: 0.0
Glider:    0    Percent: 0.0
Spaceship: 0    Percent: 0.0
Total:     6

Iteration: 95
Block:     4    Percent: 80.0
Beehive:   0    Percent: 0.0
Loaf:      0    Percent: 0.0
Boat:      0    Percent: 0.0
Tub:       0    Percent: 0.0
Blinker:   1    Percent: 20.0
Toad:      0    Percent: 0.0
Beacon:    0    Percent: 0.0
Glider:    0    Percent: 0.0
Spaceship: 0    Percent: 0.0
Total:     5

Iteration: 96
Block:     4    Percent: 66.66666666666666
Beehive:   0    Percent: 0.0
Loaf:      0    Percent: 0.0
Boat:      0    Percent: 0.0
Tub:       0    Percent: 0.0
Blinker:   2    Percent: 33.33333333333333
Toad:      0    Percent: 0.0
Beacon:    0    Percent: 0.0
Glider:    0    Percent: 0.0
Spaceship: 0    Percent: 0.0
Total:     6

Iteration: 97
Block:     4    Percent: 66.66666666666666
Beehive:   0    Percent: 0.0
Loaf:      0    Percent: 0.0
Boat:      0    Percent: 0.0
Tub:       0    Percent: 0.0
Blinker:   2    Percent: 33.33333333333333
Toad:      0    Percent: 0.0
Beacon:    0    Percent: 0.0
Glider:    0    Percent: 0.0
Spaceship: 0    Percent: 0.0
Total:     6

Iteration: 98
Block:     4    Percent: 80.0
Beehive:   0    Percent: 0.0
Loaf:      0    Percent: 0.0
Boat:      0    Percent: 0.0
Tub:       0    Percent: 0.0
Blinker:   1    Percent: 20.0
Toad:      0    Percent: 0.0
Beacon:    0    Percent: 0.0
Glider:    0    Percent: 0.0
Spaceship: 0    Percent: 0.0
Total:     5

Iteration: 99
Block:     4    Percent: 80.0
Beehive:   0    Percent: 0.0
Loaf:      0    Percent: 0.0
Boat:      0    Percent: 0.0
Tub:       0    Percent: 0.0
Blinker:   1    Percent: 20.0
Toad:      0    Percent: 0.0
Beacon:    0    Percent: 0.0
Glider:    0    Percent: 0.0
Spaceship: 0    Percent: 0.0
Total:     5

Iteration: 100
Block:     4    Percent: 80.0
Beehive:   0    Percent: 0.0
Loaf:      0    Percent: 0.0
Boat:      0    Percent: 0.0
Tub:       0    Percent: 0.0
Blinker:   1    Percent: 20.0
Toad:      0    Percent: 0.0
Beacon:    0    Percent: 0.0
Glider:    0    Percent: 0.0
Spaceship: 0    Percent: 0.0
Total:     5

Iteration: 101
Block:     5    Percent: 83.33333333333334
Beehive:   0    Percent: 0.0
Loaf:      0    Percent: 0.0
Boat:      0    Percent: 0.0
Tub:       0    Percent: 0.0
Blinker:   1    Percent: 16.666666666666664
Toad:      0    Percent: 0.0
Beacon:    0    Percent: 0.0
Glider:    0    Percent: 0.0
Spaceship: 0    Percent: 0.0
Total:     6

Iteration: 102
Block:     5    Percent: 83.33333333333334
Beehive:   0    Percent: 0.0
Loaf:      0    Percent: 0.0
Boat:      0    Percent: 0.0
Tub:       0    Percent: 0.0
Blinker:   1    Percent: 16.666666666666664
Toad:      0    Percent: 0.0
Beacon:    0    Percent: 0.0
Glider:    0    Percent: 0.0
Spaceship: 0    Percent: 0.0
Total:     6

Iteration: 103
Block:     4    Percent: 100.0
Beehive:   0    Percent: 0.0
Loaf:      0    Percent: 0.0
Boat:      0    Percent: 0.0
Tub:       0    Percent: 0.0
Blinker:   0    Percent: 0.0
Toad:      0    Percent: 0.0
Beacon:    0    Percent: 0.0
Glider:    0    Percent: 0.0
Spaceship: 0    Percent: 0.0
Total:     4

Iteration: 104
Block:     4    Percent: 80.0
Beehive:   0    Percent: 0.0
Loaf:      0    Percent: 0.0
Boat:      0    Percent: 0.0
Tub:       0    Percent: 0.0
Blinker:   0    Percent: 0.0
Toad:      0    Percent: 0.0
Beacon:    0    Percent: 0.0
Glider:    1    Percent: 20.0
Spaceship: 0    Percent: 0.0
Total:     5

Iteration: 105
Block:     4    Percent: 80.0
Beehive:   0    Percent: 0.0
Loaf:      0    Percent: 0.0
Boat:      0    Percent: 0.0
Tub:       0    Percent: 0.0
Blinker:   0    Percent: 0.0
Toad:      0    Percent: 0.0
Beacon:    0    Percent: 0.0
Glider:    1    Percent: 20.0
Spaceship: 0    Percent: 0.0
Total:     5

Iteration: 106
Block:     3    Percent: 100.0
Beehive:   0    Percent: 0.0
Loaf:      0    Percent: 0.0
Boat:      0    Percent: 0.0
Tub:       0    Percent: 0.0
Blinker:   0    Percent: 0.0
Toad:      0    Percent: 0.0
Beacon:    0    Percent: 0.0
Glider:    0    Percent: 0.0
Spaceship: 0    Percent: 0.0
Total:     3

Iteration: 107
Block:     3    Percent: 75.0
Beehive:   0    Percent: 0.0
Loaf:      0    Percent: 0.0
Boat:      0    Percent: 0.0
Tub:       0    Percent: 0.0
Blinker:   0    Percent: 0.0
Toad:      0    Percent: 0.0
Beacon:    0    Percent: 0.0
Glider:    1    Percent: 25.0
Spaceship: 0    Percent: 0.0
Total:     4

Iteration: 108
Block:     3    Percent: 100.0
Beehive:   0    Percent: 0.0
Loaf:      0    Percent: 0.0
Boat:      0    Percent: 0.0
Tub:       0    Percent: 0.0
Blinker:   0    Percent: 0.0
Toad:      0    Percent: 0.0
Beacon:    0    Percent: 0.0
Glider:    0    Percent: 0.0
Spaceship: 0    Percent: 0.0
Total:     3

Iteration: 109
Block:     4    Percent: 66.66666666666666
Beehive:   0    Percent: 0.0
Loaf:      0    Percent: 0.0
Boat:      0    Percent: 0.0
Tub:       0    Percent: 0.0
Blinker:   1    Percent: 16.666666666666664
Toad:      0    Percent: 0.0
Beacon:    0    Percent: 0.0
Glider:    1    Percent: 16.666666666666664
Spaceship: 0    Percent: 0.0
Total:     6

Iteration: 110
Block:     4    Percent: 57.14285714285714
Beehive:   0    Percent: 0.0
Loaf:      0    Percent: 0.0
Boat:      0    Percent: 0.0
Tub:       0    Percent: 0.0
Blinker:   2    Percent: 28.57142857142857
Toad:      0    Percent: 0.0
Beacon:    0    Percent: 0.0
Glider:    1    Percent: 14.285714285714285
Spaceship: 0    Percent: 0.0
Total:     7

Iteration: 111
Block:     4    Percent: 80.0
Beehive:   0    Percent: 0.0
Loaf:      0    Percent: 0.0
Boat:      0    Percent: 0.0
Tub:       0    Percent: 0.0
Blinker:   0    Percent: 0.0
Toad:      0    Percent: 0.0
Beacon:    0    Percent: 0.0
Glider:    1    Percent: 20.0
Spaceship: 0    Percent: 0.0
Total:     5

Iteration: 112
Block:     4    Percent: 66.66666666666666
Beehive:   0    Percent: 0.0
Loaf:      0    Percent: 0.0
Boat:      0    Percent: 0.0
Tub:       0    Percent: 0.0
Blinker:   1    Percent: 16.666666666666664
Toad:      0    Percent: 0.0
Beacon:    0    Percent: 0.0
Glider:    1    Percent: 16.666666666666664
Spaceship: 0    Percent: 0.0
Total:     6

Iteration: 113
Block:     5    Percent: 71.42857142857143
Beehive:   0    Percent: 0.0
Loaf:      0    Percent: 0.0
Boat:      0    Percent: 0.0
Tub:       0    Percent: 0.0
Blinker:   1    Percent: 14.285714285714285
Toad:      0    Percent: 0.0
Beacon:    0    Percent: 0.0
Glider:    1    Percent: 14.285714285714285
Spaceship: 0    Percent: 0.0
Total:     7

Iteration: 114
Block:     4    Percent: 57.14285714285714
Beehive:   0    Percent: 0.0
Loaf:      0    Percent: 0.0
Boat:      0    Percent: 0.0
Tub:       0    Percent: 0.0
Blinker:   2    Percent: 28.57142857142857
Toad:      0    Percent: 0.0
Beacon:    0    Percent: 0.0
Glider:    1    Percent: 14.285714285714285
Spaceship: 0    Percent: 0.0
Total:     7

Iteration: 115
Block:     2    Percent: 50.0
Beehive:   0    Percent: 0.0
Loaf:      0    Percent: 0.0
Boat:      0    Percent: 0.0
Tub:       0    Percent: 0.0
Blinker:   1    Percent: 25.0
Toad:      0    Percent: 0.0
Beacon:    0    Percent: 0.0
Glider:    1    Percent: 25.0
Spaceship: 0    Percent: 0.0
Total:     4

Iteration: 116
Block:     3    Percent: 42.857142857142854
Beehive:   0    Percent: 0.0
Loaf:      0    Percent: 0.0
Boat:      0    Percent: 0.0
Tub:       0    Percent: 0.0
Blinker:   3    Percent: 42.857142857142854
Toad:      0    Percent: 0.0
Beacon:    0    Percent: 0.0
Glider:    1    Percent: 14.285714285714285
Spaceship: 0    Percent: 0.0
Total:     7

Iteration: 117
Block:     3    Percent: 50.0
Beehive:   0    Percent: 0.0
Loaf:      0    Percent: 0.0
Boat:      0    Percent: 0.0
Tub:       0    Percent: 0.0
Blinker:   2    Percent: 33.33333333333333
Toad:      0    Percent: 0.0
Beacon:    0    Percent: 0.0
Glider:    1    Percent: 16.666666666666664
Spaceship: 0    Percent: 0.0
Total:     6

Iteration: 118
Block:     2    Percent: 40.0
Beehive:   0    Percent: 0.0
Loaf:      0    Percent: 0.0
Boat:      0    Percent: 0.0
Tub:       0    Percent: 0.0
Blinker:   2    Percent: 40.0
Toad:      0    Percent: 0.0
Beacon:    0    Percent: 0.0
Glider:    1    Percent: 20.0
Spaceship: 0    Percent: 0.0
Total:     5

Iteration: 119
Block:     2    Percent: 40.0
Beehive:   0    Percent: 0.0
Loaf:      0    Percent: 0.0
Boat:      0    Percent: 0.0
Tub:       0    Percent: 0.0
Blinker:   2    Percent: 40.0
Toad:      0    Percent: 0.0
Beacon:    0    Percent: 0.0
Glider:    1    Percent: 20.0
Spaceship: 0    Percent: 0.0
Total:     5

Iteration: 120
Block:     2    Percent: 50.0
Beehive:   0    Percent: 0.0
Loaf:      0    Percent: 0.0
Boat:      0    Percent: 0.0
Tub:       0    Percent: 0.0
Blinker:   1    Percent: 25.0
Toad:      0    Percent: 0.0
Beacon:    0    Percent: 0.0
Glider:    1    Percent: 25.0
Spaceship: 0    Percent: 0.0
Total:     4

Iteration: 121
Block:     2    Percent: 50.0
Beehive:   0    Percent: 0.0
Loaf:      0    Percent: 0.0
Boat:      0    Percent: 0.0
Tub:       0    Percent: 0.0
Blinker:   1    Percent: 25.0
Toad:      0    Percent: 0.0
Beacon:    0    Percent: 0.0
Glider:    1    Percent: 25.0
Spaceship: 0    Percent: 0.0
Total:     4

Iteration: 122
Block:     2    Percent: 40.0
Beehive:   0    Percent: 0.0
Loaf:      0    Percent: 0.0
Boat:      0    Percent: 0.0
Tub:       0    Percent: 0.0
Blinker:   1    Percent: 20.0
Toad:      0    Percent: 0.0
Beacon:    0    Percent: 0.0
Glider:    2    Percent: 40.0
Spaceship: 0    Percent: 0.0
Total:     5

Iteration: 123
Block:     3    Percent: 42.857142857142854
Beehive:   0    Percent: 0.0
Loaf:      0    Percent: 0.0
Boat:      0    Percent: 0.0
Tub:       0    Percent: 0.0
Blinker:   2    Percent: 28.57142857142857
Toad:      0    Percent: 0.0
Beacon:    0    Percent: 0.0
Glider:    2    Percent: 28.57142857142857
Spaceship: 0    Percent: 0.0
Total:     7

Iteration: 124
Block:     2    Percent: 40.0
Beehive:   0    Percent: 0.0
Loaf:      0    Percent: 0.0
Boat:      0    Percent: 0.0
Tub:       0    Percent: 0.0
Blinker:   1    Percent: 20.0
Toad:      0    Percent: 0.0
Beacon:    0    Percent: 0.0
Glider:    2    Percent: 40.0
Spaceship: 0    Percent: 0.0
Total:     5

Iteration: 125
Block:     2    Percent: 40.0
Beehive:   0    Percent: 0.0
Loaf:      0    Percent: 0.0
Boat:      0    Percent: 0.0
Tub:       0    Percent: 0.0
Blinker:   1    Percent: 20.0
Toad:      0    Percent: 0.0
Beacon:    0    Percent: 0.0
Glider:    2    Percent: 40.0
Spaceship: 0    Percent: 0.0
Total:     5

Iteration: 126
Block:     2    Percent: 40.0
Beehive:   0    Percent: 0.0
Loaf:      0    Percent: 0.0
Boat:      0    Percent: 0.0
Tub:       0    Percent: 0.0
Blinker:   1    Percent: 20.0
Toad:      0    Percent: 0.0
Beacon:    0    Percent: 0.0
Glider:    2    Percent: 40.0
Spaceship: 0    Percent: 0.0
Total:     5

Iteration: 127
Block:     2    Percent: 40.0
Beehive:   0    Percent: 0.0
Loaf:      0    Percent: 0.0
Boat:      0    Percent: 0.0
Tub:       0    Percent: 0.0
Blinker:   1    Percent: 20.0
Toad:      0    Percent: 0.0
Beacon:    0    Percent: 0.0
Glider:    2    Percent: 40.0
Spaceship: 0    Percent: 0.0
Total:     5

Iteration: 128
Block:     2    Percent: 33.33333333333333
Beehive:   0    Percent: 0.0
Loaf:      0    Percent: 0.0
Boat:      0    Percent: 0.0
Tub:       0    Percent: 0.0
Blinker:   2    Percent: 33.33333333333333
Toad:      0    Percent: 0.0
Beacon:    0    Percent: 0.0
Glider:    2    Percent: 33.33333333333333
Spaceship: 0    Percent: 0.0
Total:     6

Iteration: 129
Block:     2    Percent: 25.0
Beehive:   0    Percent: 0.0
Loaf:      0    Percent: 0.0
Boat:      0    Percent: 0.0
Tub:       0    Percent: 0.0
Blinker:   4    Percent: 50.0
Toad:      0    Percent: 0.0
Beacon:    0    Percent: 0.0
Glider:    2    Percent: 25.0
Spaceship: 0    Percent: 0.0
Total:     8

Iteration: 130
Block:     2    Percent: 25.0
Beehive:   0    Percent: 0.0
Loaf:      0    Percent: 0.0
Boat:      0    Percent: 0.0
Tub:       0    Percent: 0.0
Blinker:   4    Percent: 50.0
Toad:      0    Percent: 0.0
Beacon:    0    Percent: 0.0
Glider:    2    Percent: 25.0
Spaceship: 0    Percent: 0.0
Total:     8

Iteration: 131
Block:     3    Percent: 42.857142857142854
Beehive:   0    Percent: 0.0
Loaf:      0    Percent: 0.0
Boat:      0    Percent: 0.0
Tub:       0    Percent: 0.0
Blinker:   2    Percent: 28.57142857142857
Toad:      0    Percent: 0.0
Beacon:    0    Percent: 0.0
Glider:    2    Percent: 28.57142857142857
Spaceship: 0    Percent: 0.0
Total:     7

Iteration: 132
Block:     3    Percent: 37.5
Beehive:   0    Percent: 0.0
Loaf:      0    Percent: 0.0
Boat:      0    Percent: 0.0
Tub:       0    Percent: 0.0
Blinker:   3    Percent: 37.5
Toad:      0    Percent: 0.0
Beacon:    0    Percent: 0.0
Glider:    2    Percent: 25.0
Spaceship: 0    Percent: 0.0
Total:     8

Iteration: 133
Block:     4    Percent: 57.14285714285714
Beehive:   0    Percent: 0.0
Loaf:      0    Percent: 0.0
Boat:      0    Percent: 0.0
Tub:       0    Percent: 0.0
Blinker:   1    Percent: 14.285714285714285
Toad:      0    Percent: 0.0
Beacon:    0    Percent: 0.0
Glider:    2    Percent: 28.57142857142857
Spaceship: 0    Percent: 0.0
Total:     7

Iteration: 134
Block:     4    Percent: 57.14285714285714
Beehive:   0    Percent: 0.0
Loaf:      0    Percent: 0.0
Boat:      0    Percent: 0.0
Tub:       0    Percent: 0.0
Blinker:   1    Percent: 14.285714285714285
Toad:      0    Percent: 0.0
Beacon:    0    Percent: 0.0
Glider:    2    Percent: 28.57142857142857
Spaceship: 0    Percent: 0.0
Total:     7

Iteration: 135
Block:     4    Percent: 57.14285714285714
Beehive:   0    Percent: 0.0
Loaf:      0    Percent: 0.0
Boat:      0    Percent: 0.0
Tub:       0    Percent: 0.0
Blinker:   1    Percent: 14.285714285714285
Toad:      0    Percent: 0.0
Beacon:    0    Percent: 0.0
Glider:    2    Percent: 28.57142857142857
Spaceship: 0    Percent: 0.0
Total:     7

Iteration: 136
Block:     4    Percent: 50.0
Beehive:   0    Percent: 0.0
Loaf:      0    Percent: 0.0
Boat:      0    Percent: 0.0
Tub:       0    Percent: 0.0
Blinker:   2    Percent: 25.0
Toad:      0    Percent: 0.0
Beacon:    0    Percent: 0.0
Glider:    2    Percent: 25.0
Spaceship: 0    Percent: 0.0
Total:     8

Iteration: 137
Block:     4    Percent: 50.0
Beehive:   0    Percent: 0.0
Loaf:      0    Percent: 0.0
Boat:      0    Percent: 0.0
Tub:       0    Percent: 0.0
Blinker:   2    Percent: 25.0
Toad:      0    Percent: 0.0
Beacon:    0    Percent: 0.0
Glider:    2    Percent: 25.0
Spaceship: 0    Percent: 0.0
Total:     8

Iteration: 138
Block:     4    Percent: 50.0
Beehive:   0    Percent: 0.0
Loaf:      0    Percent: 0.0
Boat:      0    Percent: 0.0
Tub:       0    Percent: 0.0
Blinker:   2    Percent: 25.0
Toad:      0    Percent: 0.0
Beacon:    0    Percent: 0.0
Glider:    2    Percent: 25.0
Spaceship: 0    Percent: 0.0
Total:     8

Iteration: 139
Block:     4    Percent: 57.14285714285714
Beehive:   0    Percent: 0.0
Loaf:      0    Percent: 0.0
Boat:      0    Percent: 0.0
Tub:       0    Percent: 0.0
Blinker:   1    Percent: 14.285714285714285
Toad:      0    Percent: 0.0
Beacon:    0    Percent: 0.0
Glider:    2    Percent: 28.57142857142857
Spaceship: 0    Percent: 0.0
Total:     7

Iteration: 140
Block:     4    Percent: 57.14285714285714
Beehive:   0    Percent: 0.0
Loaf:      0    Percent: 0.0
Boat:      0    Percent: 0.0
Tub:       0    Percent: 0.0
Blinker:   1    Percent: 14.285714285714285
Toad:      0    Percent: 0.0
Beacon:    0    Percent: 0.0
Glider:    2    Percent: 28.57142857142857
Spaceship: 0    Percent: 0.0
Total:     7

Iteration: 141
Block:     4    Percent: 66.66666666666666
Beehive:   0    Percent: 0.0
Loaf:      0    Percent: 0.0
Boat:      0    Percent: 0.0
Tub:       0    Percent: 0.0
Blinker:   0    Percent: 0.0
Toad:      0    Percent: 0.0
Beacon:    0    Percent: 0.0
Glider:    2    Percent: 33.33333333333333
Spaceship: 0    Percent: 0.0
Total:     6

Iteration: 142
Block:     4    Percent: 44.44444444444444
Beehive:   0    Percent: 0.0
Loaf:      0    Percent: 0.0
Boat:      0    Percent: 0.0
Tub:       0    Percent: 0.0
Blinker:   3    Percent: 33.33333333333333
Toad:      0    Percent: 0.0
Beacon:    0    Percent: 0.0
Glider:    2    Percent: 22.22222222222222
Spaceship: 0    Percent: 0.0
Total:     9

Iteration: 143
Block:     4    Percent: 50.0
Beehive:   0    Percent: 0.0
Loaf:      0    Percent: 0.0
Boat:      0    Percent: 0.0
Tub:       0    Percent: 0.0
Blinker:   2    Percent: 25.0
Toad:      0    Percent: 0.0
Beacon:    0    Percent: 0.0
Glider:    2    Percent: 25.0
Spaceship: 0    Percent: 0.0
Total:     8

Iteration: 144
Block:     5    Percent: 55.55555555555556
Beehive:   0    Percent: 0.0
Loaf:      0    Percent: 0.0
Boat:      0    Percent: 0.0
Tub:       0    Percent: 0.0
Blinker:   2    Percent: 22.22222222222222
Toad:      0    Percent: 0.0
Beacon:    0    Percent: 0.0
Glider:    2    Percent: 22.22222222222222
Spaceship: 0    Percent: 0.0
Total:     9

Iteration: 145
Block:     3    Percent: 42.857142857142854
Beehive:   0    Percent: 0.0
Loaf:      0    Percent: 0.0
Boat:      0    Percent: 0.0
Tub:       0    Percent: 0.0
Blinker:   2    Percent: 28.57142857142857
Toad:      0    Percent: 0.0
Beacon:    0    Percent: 0.0
Glider:    2    Percent: 28.57142857142857
Spaceship: 0    Percent: 0.0
Total:     7

Iteration: 146
Block:     2    Percent: 33.33333333333333
Beehive:   0    Percent: 0.0
Loaf:      0    Percent: 0.0
Boat:      0    Percent: 0.0
Tub:       0    Percent: 0.0
Blinker:   2    Percent: 33.33333333333333
Toad:      0    Percent: 0.0
Beacon:    0    Percent: 0.0
Glider:    2    Percent: 33.33333333333333
Spaceship: 0    Percent: 0.0
Total:     6

Iteration: 147
Block:     2    Percent: 28.57142857142857
Beehive:   0    Percent: 0.0
Loaf:      0    Percent: 0.0
Boat:      0    Percent: 0.0
Tub:       0    Percent: 0.0
Blinker:   3    Percent: 42.857142857142854
Toad:      0    Percent: 0.0
Beacon:    0    Percent: 0.0
Glider:    2    Percent: 28.57142857142857
Spaceship: 0    Percent: 0.0
Total:     7

Iteration: 148
Block:     3    Percent: 42.857142857142854
Beehive:   0    Percent: 0.0
Loaf:      0    Percent: 0.0
Boat:      0    Percent: 0.0
Tub:       0    Percent: 0.0
Blinker:   2    Percent: 28.57142857142857
Toad:      0    Percent: 0.0
Beacon:    0    Percent: 0.0
Glider:    2    Percent: 28.57142857142857
Spaceship: 0    Percent: 0.0
Total:     7

Iteration: 149
Block:     2    Percent: 33.33333333333333
Beehive:   0    Percent: 0.0
Loaf:      0    Percent: 0.0
Boat:      0    Percent: 0.0
Tub:       0    Percent: 0.0
Blinker:   2    Percent: 33.33333333333333
Toad:      0    Percent: 0.0
Beacon:    0    Percent: 0.0
Glider:    2    Percent: 33.33333333333333
Spaceship: 0    Percent: 0.0
Total:     6

Iteration: 150
Block:     3    Percent: 37.5
Beehive:   0    Percent: 0.0
Loaf:      0    Percent: 0.0
Boat:      0    Percent: 0.0
Tub:       0    Percent: 0.0
Blinker:   3    Percent: 37.5
Toad:      0    Percent: 0.0
Beacon:    0    Percent: 0.0
Glider:    2    Percent: 25.0
Spaceship: 0    Percent: 0.0
Total:     8

Iteration: 151
Block:     3    Percent: 50.0
Beehive:   0    Percent: 0.0
Loaf:      0    Percent: 0.0
Boat:      0    Percent: 0.0
Tub:       0    Percent: 0.0
Blinker:   1    Percent: 16.666666666666664
Toad:      0    Percent: 0.0
Beacon:    0    Percent: 0.0
Glider:    2    Percent: 33.33333333333333
Spaceship: 0    Percent: 0.0
Total:     6

Iteration: 152
Block:     3    Percent: 50.0
Beehive:   0    Percent: 0.0
Loaf:      0    Percent: 0.0
Boat:      0    Percent: 0.0
Tub:       0    Percent: 0.0
Blinker:   1    Percent: 16.666666666666664
Toad:      0    Percent: 0.0
Beacon:    0    Percent: 0.0
Glider:    2    Percent: 33.33333333333333
Spaceship: 0    Percent: 0.0
Total:     6

Iteration: 153
Block:     4    Percent: 57.14285714285714
Beehive:   0    Percent: 0.0
Loaf:      0    Percent: 0.0
Boat:      0    Percent: 0.0
Tub:       0    Percent: 0.0
Blinker:   1    Percent: 14.285714285714285
Toad:      0    Percent: 0.0
Beacon:    0    Percent: 0.0
Glider:    2    Percent: 28.57142857142857
Spaceship: 0    Percent: 0.0
Total:     7

Iteration: 154
Block:     3    Percent: 50.0
Beehive:   0    Percent: 0.0
Loaf:      0    Percent: 0.0
Boat:      0    Percent: 0.0
Tub:       0    Percent: 0.0
Blinker:   1    Percent: 16.666666666666664
Toad:      0    Percent: 0.0
Beacon:    0    Percent: 0.0
Glider:    2    Percent: 33.33333333333333
Spaceship: 0    Percent: 0.0
Total:     6

Iteration: 155
Block:     3    Percent: 50.0
Beehive:   0    Percent: 0.0
Loaf:      0    Percent: 0.0
Boat:      0    Percent: 0.0
Tub:       0    Percent: 0.0
Blinker:   1    Percent: 16.666666666666664
Toad:      0    Percent: 0.0
Beacon:    0    Percent: 0.0
Glider:    2    Percent: 33.33333333333333
Spaceship: 0    Percent: 0.0
Total:     6

Iteration: 156
Block:     3    Percent: 50.0
Beehive:   0    Percent: 0.0
Loaf:      0    Percent: 0.0
Boat:      0    Percent: 0.0
Tub:       0    Percent: 0.0
Blinker:   1    Percent: 16.666666666666664
Toad:      0    Percent: 0.0
Beacon:    0    Percent: 0.0
Glider:    2    Percent: 33.33333333333333
Spaceship: 0    Percent: 0.0
Total:     6

Iteration: 157
Block:     3    Percent: 37.5
Beehive:   0    Percent: 0.0
Loaf:      0    Percent: 0.0
Boat:      0    Percent: 0.0
Tub:       0    Percent: 0.0
Blinker:   3    Percent: 37.5
Toad:      0    Percent: 0.0
Beacon:    0    Percent: 0.0
Glider:    2    Percent: 25.0
Spaceship: 0    Percent: 0.0
Total:     8

Iteration: 158
Block:     3    Percent: 37.5
Beehive:   0    Percent: 0.0
Loaf:      0    Percent: 0.0
Boat:      0    Percent: 0.0
Tub:       0    Percent: 0.0
Blinker:   2    Percent: 25.0
Toad:      0    Percent: 0.0
Beacon:    0    Percent: 0.0
Glider:    3    Percent: 37.5
Spaceship: 0    Percent: 0.0
Total:     8

Iteration: 159
Block:     3    Percent: 42.857142857142854
Beehive:   0    Percent: 0.0
Loaf:      0    Percent: 0.0
Boat:      0    Percent: 0.0
Tub:       0    Percent: 0.0
Blinker:   1    Percent: 14.285714285714285
Toad:      0    Percent: 0.0
Beacon:    0    Percent: 0.0
Glider:    3    Percent: 42.857142857142854
Spaceship: 0    Percent: 0.0
Total:     7

Iteration: 160
Block:     2    Percent: 33.33333333333333
Beehive:   0    Percent: 0.0
Loaf:      0    Percent: 0.0
Boat:      0    Percent: 0.0
Tub:       0    Percent: 0.0
Blinker:   1    Percent: 16.666666666666664
Toad:      0    Percent: 0.0
Beacon:    0    Percent: 0.0
Glider:    3    Percent: 50.0
Spaceship: 0    Percent: 0.0
Total:     6

Iteration: 161
Block:     3    Percent: 42.857142857142854
Beehive:   0    Percent: 0.0
Loaf:      0    Percent: 0.0
Boat:      0    Percent: 0.0
Tub:       0    Percent: 0.0
Blinker:   1    Percent: 14.285714285714285
Toad:      0    Percent: 0.0
Beacon:    0    Percent: 0.0
Glider:    3    Percent: 42.857142857142854
Spaceship: 0    Percent: 0.0
Total:     7

Iteration: 162
Block:     3    Percent: 50.0
Beehive:   0    Percent: 0.0
Loaf:      0    Percent: 0.0
Boat:      0    Percent: 0.0
Tub:       0    Percent: 0.0
Blinker:   0    Percent: 0.0
Toad:      0    Percent: 0.0
Beacon:    0    Percent: 0.0
Glider:    3    Percent: 50.0
Spaceship: 0    Percent: 0.0
Total:     6

Iteration: 163
Block:     3    Percent: 42.857142857142854
Beehive:   0    Percent: 0.0
Loaf:      0    Percent: 0.0
Boat:      0    Percent: 0.0
Tub:       0    Percent: 0.0
Blinker:   1    Percent: 14.285714285714285
Toad:      0    Percent: 0.0
Beacon:    0    Percent: 0.0
Glider:    3    Percent: 42.857142857142854
Spaceship: 0    Percent: 0.0
Total:     7

Iteration: 164
Block:     2    Percent: 40.0
Beehive:   0    Percent: 0.0
Loaf:      0    Percent: 0.0
Boat:      0    Percent: 0.0
Tub:       0    Percent: 0.0
Blinker:   0    Percent: 0.0
Toad:      0    Percent: 0.0
Beacon:    0    Percent: 0.0
Glider:    3    Percent: 60.0
Spaceship: 0    Percent: 0.0
Total:     5

Iteration: 165
Block:     2    Percent: 40.0
Beehive:   0    Percent: 0.0
Loaf:      0    Percent: 0.0
Boat:      0    Percent: 0.0
Tub:       0    Percent: 0.0
Blinker:   0    Percent: 0.0
Toad:      0    Percent: 0.0
Beacon:    0    Percent: 0.0
Glider:    3    Percent: 60.0
Spaceship: 0    Percent: 0.0
Total:     5

Iteration: 166
Block:     2    Percent: 28.57142857142857
Beehive:   0    Percent: 0.0
Loaf:      0    Percent: 0.0
Boat:      0    Percent: 0.0
Tub:       0    Percent: 0.0
Blinker:   2    Percent: 28.57142857142857
Toad:      0    Percent: 0.0
Beacon:    0    Percent: 0.0
Glider:    3    Percent: 42.857142857142854
Spaceship: 0    Percent: 0.0
Total:     7

Iteration: 167
Block:     2    Percent: 33.33333333333333
Beehive:   0    Percent: 0.0
Loaf:      0    Percent: 0.0
Boat:      0    Percent: 0.0
Tub:       0    Percent: 0.0
Blinker:   1    Percent: 16.666666666666664
Toad:      0    Percent: 0.0
Beacon:    0    Percent: 0.0
Glider:    3    Percent: 50.0
Spaceship: 0    Percent: 0.0
Total:     6

Iteration: 168
Block:     3    Percent: 50.0
Beehive:   0    Percent: 0.0
Loaf:      0    Percent: 0.0
Boat:      0    Percent: 0.0
Tub:       0    Percent: 0.0
Blinker:   0    Percent: 0.0
Toad:      0    Percent: 0.0
Beacon:    0    Percent: 0.0
Glider:    3    Percent: 50.0
Spaceship: 0    Percent: 0.0
Total:     6

Iteration: 169
Block:     2    Percent: 40.0
Beehive:   0    Percent: 0.0
Loaf:      0    Percent: 0.0
Boat:      0    Percent: 0.0
Tub:       0    Percent: 0.0
Blinker:   0    Percent: 0.0
Toad:      0    Percent: 0.0
Beacon:    0    Percent: 0.0
Glider:    3    Percent: 60.0
Spaceship: 0    Percent: 0.0
Total:     5

Iteration: 170
Block:     2    Percent: 25.0
Beehive:   0    Percent: 0.0
Loaf:      0    Percent: 0.0
Boat:      0    Percent: 0.0
Tub:       0    Percent: 0.0
Blinker:   3    Percent: 37.5
Toad:      0    Percent: 0.0
Beacon:    0    Percent: 0.0
Glider:    3    Percent: 37.5
Spaceship: 0    Percent: 0.0
Total:     8

Iteration: 171
Block:     2    Percent: 40.0
Beehive:   0    Percent: 0.0
Loaf:      0    Percent: 0.0
Boat:      0    Percent: 0.0
Tub:       0    Percent: 0.0
Blinker:   0    Percent: 0.0
Toad:      0    Percent: 0.0
Beacon:    0    Percent: 0.0
Glider:    3    Percent: 60.0
Spaceship: 0    Percent: 0.0
Total:     5

Iteration: 172
Block:     1    Percent: 25.0
Beehive:   0    Percent: 0.0
Loaf:      0    Percent: 0.0
Boat:      0    Percent: 0.0
Tub:       0    Percent: 0.0
Blinker:   0    Percent: 0.0
Toad:      0    Percent: 0.0
Beacon:    0    Percent: 0.0
Glider:    3    Percent: 75.0
Spaceship: 0    Percent: 0.0
Total:     4

Iteration: 173
Block:     1    Percent: 20.0
Beehive:   0    Percent: 0.0
Loaf:      0    Percent: 0.0
Boat:      0    Percent: 0.0
Tub:       0    Percent: 0.0
Blinker:   1    Percent: 20.0
Toad:      0    Percent: 0.0
Beacon:    0    Percent: 0.0
Glider:    3    Percent: 60.0
Spaceship: 0    Percent: 0.0
Total:     5

Iteration: 174
Block:     1    Percent: 25.0
Beehive:   0    Percent: 0.0
Loaf:      0    Percent: 0.0
Boat:      0    Percent: 0.0
Tub:       0    Percent: 0.0
Blinker:   0    Percent: 0.0
Toad:      0    Percent: 0.0
Beacon:    0    Percent: 0.0
Glider:    3    Percent: 75.0
Spaceship: 0    Percent: 0.0
Total:     4

Iteration: 175
Block:     1    Percent: 16.666666666666664
Beehive:   0    Percent: 0.0
Loaf:      0    Percent: 0.0
Boat:      0    Percent: 0.0
Tub:       0    Percent: 0.0
Blinker:   2    Percent: 33.33333333333333
Toad:      0    Percent: 0.0
Beacon:    0    Percent: 0.0
Glider:    3    Percent: 50.0
Spaceship: 0    Percent: 0.0
Total:     6

Iteration: 176
Block:     1    Percent: 25.0
Beehive:   0    Percent: 0.0
Loaf:      0    Percent: 0.0
Boat:      0    Percent: 0.0
Tub:       0    Percent: 0.0
Blinker:   0    Percent: 0.0
Toad:      0    Percent: 0.0
Beacon:    0    Percent: 0.0
Glider:    3    Percent: 75.0
Spaceship: 0    Percent: 0.0
Total:     4

Iteration: 177
Block:     2    Percent: 40.0
Beehive:   0    Percent: 0.0
Loaf:      0    Percent: 0.0
Boat:      0    Percent: 0.0
Tub:       0    Percent: 0.0
Blinker:   0    Percent: 0.0
Toad:      0    Percent: 0.0
Beacon:    0    Percent: 0.0
Glider:    3    Percent: 60.0
Spaceship: 0    Percent: 0.0
Total:     5

Iteration: 178
Block:     2    Percent: 40.0
Beehive:   0    Percent: 0.0
Loaf:      0    Percent: 0.0
Boat:      0    Percent: 0.0
Tub:       0    Percent: 0.0
Blinker:   0    Percent: 0.0
Toad:      0    Percent: 0.0
Beacon:    0    Percent: 0.0
Glider:    3    Percent: 60.0
Spaceship: 0    Percent: 0.0
Total:     5

Iteration: 179
Block:     2    Percent: 33.33333333333333
Beehive:   0    Percent: 0.0
Loaf:      0    Percent: 0.0
Boat:      0    Percent: 0.0
Tub:       0    Percent: 0.0
Blinker:   1    Percent: 16.666666666666664
Toad:      0    Percent: 0.0
Beacon:    0    Percent: 0.0
Glider:    3    Percent: 50.0
Spaceship: 0    Percent: 0.0
Total:     6

Iteration: 180
Block:     2    Percent: 40.0
Beehive:   0    Percent: 0.0
Loaf:      0    Percent: 0.0
Boat:      0    Percent: 0.0
Tub:       0    Percent: 0.0
Blinker:   0    Percent: 0.0
Toad:      0    Percent: 0.0
Beacon:    0    Percent: 0.0
Glider:    3    Percent: 60.0
Spaceship: 0    Percent: 0.0
Total:     5

Iteration: 181
Block:     2    Percent: 40.0
Beehive:   0    Percent: 0.0
Loaf:      0    Percent: 0.0
Boat:      0    Percent: 0.0
Tub:       0    Percent: 0.0
Blinker:   0    Percent: 0.0
Toad:      0    Percent: 0.0
Beacon:    0    Percent: 0.0
Glider:    3    Percent: 60.0
Spaceship: 0    Percent: 0.0
Total:     5

Iteration: 182
Block:     2    Percent: 40.0
Beehive:   0    Percent: 0.0
Loaf:      0    Percent: 0.0
Boat:      0    Percent: 0.0
Tub:       0    Percent: 0.0
Blinker:   0    Percent: 0.0
Toad:      0    Percent: 0.0
Beacon:    0    Percent: 0.0
Glider:    3    Percent: 60.0
Spaceship: 0    Percent: 0.0
Total:     5

Iteration: 183
Block:     3    Percent: 42.857142857142854
Beehive:   0    Percent: 0.0
Loaf:      0    Percent: 0.0
Boat:      0    Percent: 0.0
Tub:       0    Percent: 0.0
Blinker:   1    Percent: 14.285714285714285
Toad:      0    Percent: 0.0
Beacon:    0    Percent: 0.0
Glider:    3    Percent: 42.857142857142854
Spaceship: 0    Percent: 0.0
Total:     7

Iteration: 184
Block:     2    Percent: 40.0
Beehive:   0    Percent: 0.0
Loaf:      0    Percent: 0.0
Boat:      0    Percent: 0.0
Tub:       0    Percent: 0.0
Blinker:   0    Percent: 0.0
Toad:      0    Percent: 0.0
Beacon:    0    Percent: 0.0
Glider:    3    Percent: 60.0
Spaceship: 0    Percent: 0.0
Total:     5

Iteration: 185
Block:     2    Percent: 40.0
Beehive:   0    Percent: 0.0
Loaf:      0    Percent: 0.0
Boat:      0    Percent: 0.0
Tub:       0    Percent: 0.0
Blinker:   0    Percent: 0.0
Toad:      0    Percent: 0.0
Beacon:    0    Percent: 0.0
Glider:    3    Percent: 60.0
Spaceship: 0    Percent: 0.0
Total:     5

Iteration: 186
Block:     2    Percent: 40.0
Beehive:   0    Percent: 0.0
Loaf:      0    Percent: 0.0
Boat:      0    Percent: 0.0
Tub:       0    Percent: 0.0
Blinker:   0    Percent: 0.0
Toad:      0    Percent: 0.0
Beacon:    0    Percent: 0.0
Glider:    3    Percent: 60.0
Spaceship: 0    Percent: 0.0
Total:     5

Iteration: 187
Block:     2    Percent: 40.0
Beehive:   0    Percent: 0.0
Loaf:      0    Percent: 0.0
Boat:      0    Percent: 0.0
Tub:       0    Percent: 0.0
Blinker:   0    Percent: 0.0
Toad:      0    Percent: 0.0
Beacon:    0    Percent: 0.0
Glider:    3    Percent: 60.0
Spaceship: 0    Percent: 0.0
Total:     5

Iteration: 188
Block:     2    Percent: 40.0
Beehive:   0    Percent: 0.0
Loaf:      0    Percent: 0.0
Boat:      0    Percent: 0.0
Tub:       0    Percent: 0.0
Blinker:   0    Percent: 0.0
Toad:      0    Percent: 0.0
Beacon:    0    Percent: 0.0
Glider:    3    Percent: 60.0
Spaceship: 0    Percent: 0.0
Total:     5

Iteration: 189
Block:     3    Percent: 50.0
Beehive:   0    Percent: 0.0
Loaf:      0    Percent: 0.0
Boat:      0    Percent: 0.0
Tub:       0    Percent: 0.0
Blinker:   0    Percent: 0.0
Toad:      0    Percent: 0.0
Beacon:    0    Percent: 0.0
Glider:    3    Percent: 50.0
Spaceship: 0    Percent: 0.0
Total:     6

Iteration: 190
Block:     2    Percent: 40.0
Beehive:   0    Percent: 0.0
Loaf:      0    Percent: 0.0
Boat:      0    Percent: 0.0
Tub:       0    Percent: 0.0
Blinker:   0    Percent: 0.0
Toad:      0    Percent: 0.0
Beacon:    0    Percent: 0.0
Glider:    3    Percent: 60.0
Spaceship: 0    Percent: 0.0
Total:     5

Iteration: 191
Block:     2    Percent: 33.33333333333333
Beehive:   0    Percent: 0.0
Loaf:      0    Percent: 0.0
Boat:      0    Percent: 0.0
Tub:       0    Percent: 0.0
Blinker:   1    Percent: 16.666666666666664
Toad:      0    Percent: 0.0
Beacon:    0    Percent: 0.0
Glider:    3    Percent: 50.0
Spaceship: 0    Percent: 0.0
Total:     6

Iteration: 192
Block:     2    Percent: 28.57142857142857
Beehive:   0    Percent: 0.0
Loaf:      0    Percent: 0.0
Boat:      0    Percent: 0.0
Tub:       0    Percent: 0.0
Blinker:   2    Percent: 28.57142857142857
Toad:      0    Percent: 0.0
Beacon:    0    Percent: 0.0
Glider:    3    Percent: 42.857142857142854
Spaceship: 0    Percent: 0.0
Total:     7

Iteration: 193
Block:     2    Percent: 28.57142857142857
Beehive:   1    Percent: 14.285714285714285
Loaf:      0    Percent: 0.0
Boat:      0    Percent: 0.0
Tub:       0    Percent: 0.0
Blinker:   1    Percent: 14.285714285714285
Toad:      0    Percent: 0.0
Beacon:    0    Percent: 0.0
Glider:    3    Percent: 42.857142857142854
Spaceship: 0    Percent: 0.0
Total:     7

Iteration: 194
Block:     2    Percent: 33.33333333333333
Beehive:   1    Percent: 16.666666666666664
Loaf:      0    Percent: 0.0
Boat:      0    Percent: 0.0
Tub:       0    Percent: 0.0
Blinker:   0    Percent: 0.0
Toad:      0    Percent: 0.0
Beacon:    0    Percent: 0.0
Glider:    3    Percent: 50.0
Spaceship: 0    Percent: 0.0
Total:     6

Iteration: 195
Block:     2    Percent: 25.0
Beehive:   1    Percent: 12.5
Loaf:      0    Percent: 0.0
Boat:      0    Percent: 0.0
Tub:       0    Percent: 0.0
Blinker:   2    Percent: 25.0
Toad:      0    Percent: 0.0
Beacon:    0    Percent: 0.0
Glider:    3    Percent: 37.5
Spaceship: 0    Percent: 0.0
Total:     8

Iteration: 196
Block:     2    Percent: 28.57142857142857
Beehive:   1    Percent: 14.285714285714285
Loaf:      0    Percent: 0.0
Boat:      0    Percent: 0.0
Tub:       0    Percent: 0.0
Blinker:   1    Percent: 14.285714285714285
Toad:      0    Percent: 0.0
Beacon:    0    Percent: 0.0
Glider:    3    Percent: 42.857142857142854
Spaceship: 0    Percent: 0.0
Total:     7

Iteration: 197
Block:     2    Percent: 33.33333333333333
Beehive:   1    Percent: 16.666666666666664
Loaf:      0    Percent: 0.0
Boat:      0    Percent: 0.0
Tub:       0    Percent: 0.0
Blinker:   0    Percent: 0.0
Toad:      0    Percent: 0.0
Beacon:    0    Percent: 0.0
Glider:    3    Percent: 50.0
Spaceship: 0    Percent: 0.0
Total:     6

Iteration: 198
Block:     2    Percent: 33.33333333333333
Beehive:   1    Percent: 16.666666666666664
Loaf:      0    Percent: 0.0
Boat:      0    Percent: 0.0
Tub:       0    Percent: 0.0
Blinker:   0    Percent: 0.0
Toad:      0    Percent: 0.0
Beacon:    0    Percent: 0.0
Glider:    3    Percent: 50.0
Spaceship: 0    Percent: 0.0
Total:     6

Iteration: 199
Block:     2    Percent: 33.33333333333333
Beehive:   1    Percent: 16.666666666666664
Loaf:      0    Percent: 0.0
Boat:      0    Percent: 0.0
Tub:       0    Percent: 0.0
Blinker:   0    Percent: 0.0
Toad:      0    Percent: 0.0
Beacon:    0    Percent: 0.0
Glider:    3    Percent: 50.0
Spaceship: 0    Percent: 0.0
Total:     6

Iteration: 200
Block:     2    Percent: 33.33333333333333
Beehive:   1    Percent: 16.666666666666664
Loaf:      0    Percent: 0.0
Boat:      0    Percent: 0.0
Tub:       0    Percent: 0.0
Blinker:   0    Percent: 0.0
Toad:      0    Percent: 0.0
Beacon:    0    Percent: 0.0
Glider:    3    Percent: 50.0
Spaceship: 0    Percent: 0.0
Total:     6

